#0(I)[2023-05-31 10:39:23,642]{0}<MessageBus_4440_0x1CEA5D56060> Logger Initialized.
#0(I)[2023-05-31 10:39:23,642]{0}<MessageBus_4440_0x1CEA5D56060> V1 Observer attempting to join bus: Shadowplay:ServicePlugin
#0(I)[2023-05-31 10:39:23,674]{3}<MessageBus_4440_0x1CEA5D56060> PipeEndpoint::Connect on handle 2572.
#0(D)[2023-05-31 10:39:23,674]{3}<MessageBus_4440_0x1CEA5D56060> PipeEndpointConnectorTask pipe connected.
#0(D)[2023-05-31 10:39:23,674]{4}<MessageBus_4440_0x1CEA5D56060> PerformConnectCompletion on handle 2572 calling OnPipeConnect, issuing PerformRead.
#0(I)[2023-05-31 10:39:23,674]{4}<MessageBus_4440_0x1CEA5D56060> Pipe connected to Broadcast process 4440.
#0(I)[2023-05-31 10:39:23,674]{4}<MessageBus_4440_0x1CEA5D56060> rejoinObserverV1: Shadowplay:ServicePlugin
#0(I)[2023-05-31 10:39:23,674]{4}<MessageBus_4440_0x1CEA5D56060> Shadowplay:ServicePlugin joined the Broadcaster.
#0(W)[2023-05-31 12:59:16,852]{4}<MessageBus_4440_0x1CEA5D56060> PerformReadCompletion on handle 2572 read error: 109
#0(D)[2023-05-31 12:59:16,852]{4}<MessageBus_4440_0x1CEA5D56060> PerformDisconnectCompletion on handle 2572 for status 109 with pendingCount remaining: 0.
#0(D)[2023-05-31 12:59:16,852]{4}<MessageBus_4440_0x1CEA5D56060> PerformDisconnectCompletion on handle 2572 calling OnPipeDisconnect.
#0(I)[2023-05-31 12:59:16,852]{4}<MessageBus_4440_0x1CEA5D56060> Pipe Disconnect (109) from Broadcaster.
#0(I)[2023-05-31 12:59:16,852]{4}<MessageBus_4440_0x1CEA5D56060> Notifying peers of disconnect from Broadcaster.
#0(D)[2023-05-31 12:59:16,852]{4}<MessageBus_4440_0x1CEA5D56060> PipeEndpoint::Disconnect done for handle 2572.
#0(D)[2023-05-31 12:59:16,858]{4}<MessageBus_4440_0x1CEA5D56060> PerformDisconnectCompletion on handle 2572 for status 1223 with pendingCount remaining: 0.
#0(D)[2023-05-31 12:59:16,858]{4}<MessageBus_4440_0x1CEA5D56060> PerformDisconnectCompletion OnPipeDisconnect already called, skipping.
#0(I)[2023-05-31 15:02:29,760]{3}<MessageBus_4440_0x1CEA5D56060> PipeEndpoint::Connect on handle 3616.
#0(D)[2023-05-31 15:02:29,760]{3}<MessageBus_4440_0x1CEA5D56060> PipeEndpointConnectorTask pipe connected.
#0(D)[2023-05-31 15:02:29,764]{4}<MessageBus_4440_0x1CEA5D56060> PerformConnectCompletion on handle 3616 calling OnPipeConnect, issuing PerformRead.
#0(I)[2023-05-31 15:02:29,764]{4}<MessageBus_4440_0x1CEA5D56060> Pipe connected to Broadcast process 4440.
#0(I)[2023-05-31 15:02:29,764]{4}<MessageBus_4440_0x1CEA5D56060> rejoinObserverV1: Shadowplay:ServicePlugin
#0(I)[2023-05-31 15:02:29,764]{4}<MessageBus_4440_0x1CEA5D56060> Shadowplay:ServicePlugin joined the Broadcaster.
#0(W)[2023-05-31 20:16:03,647]{4}<MessageBus_4440_0x1CEA5D56060> PerformReadCompletion on handle 3616 read error: 109
#0(D)[2023-05-31 20:16:03,648]{4}<MessageBus_4440_0x1CEA5D56060> PerformDisconnectCompletion on handle 3616 for status 109 with pendingCount remaining: 0.
#0(D)[2023-05-31 20:16:03,648]{4}<MessageBus_4440_0x1CEA5D56060> PerformDisconnectCompletion on handle 3616 calling OnPipeDisconnect.
#0(I)[2023-05-31 20:16:03,648]{4}<MessageBus_4440_0x1CEA5D56060> Pipe Disconnect (109) from Broadcaster.
#0(I)[2023-05-31 20:16:03,648]{4}<MessageBus_4440_0x1CEA5D56060> Notifying peers of disconnect from Broadcaster.
#0(D)[2023-05-31 20:16:03,648]{4}<MessageBus_4440_0x1CEA5D56060> PipeEndpoint::Disconnect done for handle 3616.
#0(D)[2023-05-31 20:16:03,662]{4}<MessageBus_4440_0x1CEA5D56060> PerformDisconnectCompletion on handle 3616 for status 1223 with pendingCount remaining: 0.
#0(D)[2023-05-31 20:16:03,662]{4}<MessageBus_4440_0x1CEA5D56060> PerformDisconnectCompletion OnPipeDisconnect already called, skipping.
#0(I)[2023-06-01 05:04:00,807]{3}<MessageBus_4440_0x1CEA5D56060> PipeEndpoint::Connect on handle 3704.
#0(D)[2023-06-01 05:04:00,807]{3}<MessageBus_4440_0x1CEA5D56060> PipeEndpointConnectorTask pipe connected.
#0(D)[2023-06-01 05:04:00,807]{4}<MessageBus_4440_0x1CEA5D56060> PerformConnectCompletion on handle 3704 calling OnPipeConnect, issuing PerformRead.
#0(I)[2023-06-01 05:04:00,807]{4}<MessageBus_4440_0x1CEA5D56060> Pipe connected to Broadcast process 4440.
#0(I)[2023-06-01 05:04:00,807]{4}<MessageBus_4440_0x1CEA5D56060> rejoinObserverV1: Shadowplay:ServicePlugin
#0(I)[2023-06-01 05:04:00,807]{4}<MessageBus_4440_0x1CEA5D56060> Shadowplay:ServicePlugin joined the Broadcaster.
#0(W)[2023-06-01 07:26:23,813]{4}<MessageBus_4440_0x1CEA5D56060> PerformReadCompletion on handle 3704 read error: 109
#0(D)[2023-06-01 07:26:23,814]{4}<MessageBus_4440_0x1CEA5D56060> PerformDisconnectCompletion on handle 3704 for status 109 with pendingCount remaining: 0.
#0(D)[2023-06-01 07:26:23,814]{4}<MessageBus_4440_0x1CEA5D56060> PerformDisconnectCompletion on handle 3704 calling OnPipeDisconnect.
#0(I)[2023-06-01 07:26:23,814]{4}<MessageBus_4440_0x1CEA5D56060> Pipe Disconnect (109) from Broadcaster.
#0(I)[2023-06-01 07:26:23,814]{4}<MessageBus_4440_0x1CEA5D56060> Notifying peers of disconnect from Broadcaster.
#0(D)[2023-06-01 07:26:23,814]{4}<MessageBus_4440_0x1CEA5D56060> PipeEndpoint::Disconnect done for handle 3704.
#0(D)[2023-06-01 07:26:23,829]{4}<MessageBus_4440_0x1CEA5D56060> PerformDisconnectCompletion on handle 3704 for status 1223 with pendingCount remaining: 0.
#0(D)[2023-06-01 07:26:23,829]{4}<MessageBus_4440_0x1CEA5D56060> PerformDisconnectCompletion OnPipeDisconnect already called, skipping.
#0(I)[2023-06-01 10:16:04,947]{3}<MessageBus_4440_0x1CEA5D56060> PipeEndpoint::Connect on handle 5068.
#0(D)[2023-06-01 10:16:04,947]{3}<MessageBus_4440_0x1CEA5D56060> PipeEndpointConnectorTask pipe connected.
#0(D)[2023-06-01 10:16:04,950]{4}<MessageBus_4440_0x1CEA5D56060> PerformConnectCompletion on handle 5068 calling OnPipeConnect, issuing PerformRead.
#0(I)[2023-06-01 10:16:04,950]{4}<MessageBus_4440_0x1CEA5D56060> Pipe connected to Broadcast process 4440.
#0(I)[2023-06-01 10:16:04,950]{4}<MessageBus_4440_0x1CEA5D56060> rejoinObserverV1: Shadowplay:ServicePlugin
#0(I)[2023-06-01 10:16:04,950]{4}<MessageBus_4440_0x1CEA5D56060> Shadowplay:ServicePlugin joined the Broadcaster.
#0(W)[2023-06-02 01:19:47,020]{4}<MessageBus_4440_0x1CEA5D56060> PerformReadCompletion on handle 5068 read error: 109
#0(D)[2023-06-02 01:19:47,020]{4}<MessageBus_4440_0x1CEA5D56060> PerformDisconnectCompletion on handle 5068 for status 109 with pendingCount remaining: 0.
#0(D)[2023-06-02 01:19:47,020]{4}<MessageBus_4440_0x1CEA5D56060> PerformDisconnectCompletion on handle 5068 calling OnPipeDisconnect.
#0(I)[2023-06-02 01:19:47,020]{4}<MessageBus_4440_0x1CEA5D56060> Pipe Disconnect (109) from Broadcaster.
#0(I)[2023-06-02 01:19:47,020]{4}<MessageBus_4440_0x1CEA5D56060> Notifying peers of disconnect from Broadcaster.
#0(D)[2023-06-02 01:19:47,021]{4}<MessageBus_4440_0x1CEA5D56060> PipeEndpoint::Disconnect done for handle 5068.
#0(D)[2023-06-02 01:19:47,035]{4}<MessageBus_4440_0x1CEA5D56060> PerformDisconnectCompletion on handle 5068 for status 1223 with pendingCount remaining: 0.
#0(D)[2023-06-02 01:19:47,035]{4}<MessageBus_4440_0x1CEA5D56060> PerformDisconnectCompletion OnPipeDisconnect already called, skipping.
#0(I)[2023-06-02 09:23:16,781]{3}<MessageBus_4440_0x1CEA5D56060> PipeEndpoint::Connect on handle 5940.
#0(D)[2023-06-02 09:23:16,781]{3}<MessageBus_4440_0x1CEA5D56060> PipeEndpointConnectorTask pipe connected.
#0(D)[2023-06-02 09:23:16,781]{4}<MessageBus_4440_0x1CEA5D56060> PerformConnectCompletion on handle 5940 calling OnPipeConnect, issuing PerformRead.
#0(I)[2023-06-02 09:23:16,781]{4}<MessageBus_4440_0x1CEA5D56060> Pipe connected to Broadcast process 4440.
#0(I)[2023-06-02 09:23:16,781]{4}<MessageBus_4440_0x1CEA5D56060> rejoinObserverV1: Shadowplay:ServicePlugin
#0(I)[2023-06-02 09:23:16,782]{4}<MessageBus_4440_0x1CEA5D56060> Shadowplay:ServicePlugin joined the Broadcaster.
#0(W)[2023-06-02 22:28:38,650]{4}<MessageBus_4440_0x1CEA5D56060> PerformReadCompletion on handle 5940 read error: 109
#0(D)[2023-06-02 22:28:38,651]{4}<MessageBus_4440_0x1CEA5D56060> PerformDisconnectCompletion on handle 5940 for status 109 with pendingCount remaining: 0.
#0(D)[2023-06-02 22:28:38,651]{4}<MessageBus_4440_0x1CEA5D56060> PerformDisconnectCompletion on handle 5940 calling OnPipeDisconnect.
#0(I)[2023-06-02 22:28:38,651]{4}<MessageBus_4440_0x1CEA5D56060> Pipe Disconnect (109) from Broadcaster.
#0(I)[2023-06-02 22:28:38,651]{4}<MessageBus_4440_0x1CEA5D56060> Notifying peers of disconnect from Broadcaster.
#0(D)[2023-06-02 22:28:38,651]{4}<MessageBus_4440_0x1CEA5D56060> PipeEndpoint::Disconnect done for handle 5940.
#0(D)[2023-06-02 22:28:38,659]{4}<MessageBus_4440_0x1CEA5D56060> PerformDisconnectCompletion on handle 5940 for status 1223 with pendingCount remaining: 0.
#0(D)[2023-06-02 22:28:38,659]{4}<MessageBus_4440_0x1CEA5D56060> PerformDisconnectCompletion OnPipeDisconnect already called, skipping.
#0(I)[2023-06-03 05:53:55,796]{3}<MessageBus_4440_0x1CEA5D56060> PipeEndpoint::Connect on handle 7636.
#0(D)[2023-06-03 05:53:55,796]{3}<MessageBus_4440_0x1CEA5D56060> PipeEndpointConnectorTask pipe connected.
#0(D)[2023-06-03 05:53:55,796]{4}<MessageBus_4440_0x1CEA5D56060> PerformConnectCompletion on handle 7636 calling OnPipeConnect, issuing PerformRead.
#0(I)[2023-06-03 05:53:55,796]{4}<MessageBus_4440_0x1CEA5D56060> Pipe connected to Broadcast process 4440.
#0(I)[2023-06-03 05:53:55,796]{4}<MessageBus_4440_0x1CEA5D56060> rejoinObserverV1: Shadowplay:ServicePlugin
#0(I)[2023-06-03 05:53:55,796]{4}<MessageBus_4440_0x1CEA5D56060> Shadowplay:ServicePlugin joined the Broadcaster.
#0(W)[2023-06-03 08:10:51,293]{4}<MessageBus_4440_0x1CEA5D56060> PerformReadCompletion on handle 7636 read error: 109
#0(D)[2023-06-03 08:10:51,293]{4}<MessageBus_4440_0x1CEA5D56060> PerformDisconnectCompletion on handle 7636 for status 109 with pendingCount remaining: 0.
#0(D)[2023-06-03 08:10:51,293]{4}<MessageBus_4440_0x1CEA5D56060> PerformDisconnectCompletion on handle 7636 calling OnPipeDisconnect.
#0(I)[2023-06-03 08:10:51,293]{4}<MessageBus_4440_0x1CEA5D56060> Pipe Disconnect (109) from Broadcaster.
#0(I)[2023-06-03 08:10:51,293]{4}<MessageBus_4440_0x1CEA5D56060> Notifying peers of disconnect from Broadcaster.
#0(D)[2023-06-03 08:10:51,293]{4}<MessageBus_4440_0x1CEA5D56060> PipeEndpoint::Disconnect done for handle 7636.
#0(D)[2023-06-03 08:10:51,308]{4}<MessageBus_4440_0x1CEA5D56060> PerformDisconnectCompletion on handle 7636 for status 1223 with pendingCount remaining: 0.
#0(D)[2023-06-03 08:10:51,308]{4}<MessageBus_4440_0x1CEA5D56060> PerformDisconnectCompletion OnPipeDisconnect already called, skipping.
#0(I)[2023-06-03 11:39:48,808]{3}<MessageBus_4440_0x1CEA5D56060> PipeEndpoint::Connect on handle 6408.
#0(D)[2023-06-03 11:39:48,808]{3}<MessageBus_4440_0x1CEA5D56060> PipeEndpointConnectorTask pipe connected.
#0(D)[2023-06-03 11:39:48,808]{4}<MessageBus_4440_0x1CEA5D56060> PerformConnectCompletion on handle 6408 calling OnPipeConnect, issuing PerformRead.
#0(I)[2023-06-03 11:39:48,808]{4}<MessageBus_4440_0x1CEA5D56060> Pipe connected to Broadcast process 4440.
#0(I)[2023-06-03 11:39:48,808]{4}<MessageBus_4440_0x1CEA5D56060> rejoinObserverV1: Shadowplay:ServicePlugin
#0(I)[2023-06-03 11:39:48,809]{4}<MessageBus_4440_0x1CEA5D56060> Shadowplay:ServicePlugin joined the Broadcaster.
#0(W)[2023-06-03 22:52:08,035]{4}<MessageBus_4440_0x1CEA5D56060> PerformReadCompletion on handle 6408 read error: 109
#0(D)[2023-06-03 22:52:08,036]{4}<MessageBus_4440_0x1CEA5D56060> PerformDisconnectCompletion on handle 6408 for status 109 with pendingCount remaining: 0.
#0(D)[2023-06-03 22:52:08,036]{4}<MessageBus_4440_0x1CEA5D56060> PerformDisconnectCompletion on handle 6408 calling OnPipeDisconnect.
#0(I)[2023-06-03 22:52:08,036]{4}<MessageBus_4440_0x1CEA5D56060> Pipe Disconnect (109) from Broadcaster.
#0(I)[2023-06-03 22:52:08,036]{4}<MessageBus_4440_0x1CEA5D56060> Notifying peers of disconnect from Broadcaster.
#0(D)[2023-06-03 22:52:08,036]{4}<MessageBus_4440_0x1CEA5D56060> PipeEndpoint::Disconnect done for handle 6408.
#0(D)[2023-06-03 22:52:08,050]{4}<MessageBus_4440_0x1CEA5D56060> PerformDisconnectCompletion on handle 6408 for status 1223 with pendingCount remaining: 0.
#0(D)[2023-06-03 22:52:08,050]{4}<MessageBus_4440_0x1CEA5D56060> PerformDisconnectCompletion OnPipeDisconnect already called, skipping.
#0(I)[2023-06-04 00:03:26,816]{3}<MessageBus_4440_0x1CEA5D56060> PipeEndpoint::Connect on handle 7796.
#0(D)[2023-06-04 00:03:26,816]{3}<MessageBus_4440_0x1CEA5D56060> PipeEndpointConnectorTask pipe connected.
#0(D)[2023-06-04 00:03:26,829]{4}<MessageBus_4440_0x1CEA5D56060> PerformConnectCompletion on handle 7796 calling OnPipeConnect, issuing PerformRead.
#0(I)[2023-06-04 00:03:26,829]{4}<MessageBus_4440_0x1CEA5D56060> Pipe connected to Broadcast process 4440.
#0(I)[2023-06-04 00:03:26,829]{4}<MessageBus_4440_0x1CEA5D56060> rejoinObserverV1: Shadowplay:ServicePlugin
#0(I)[2023-06-04 00:03:26,829]{4}<MessageBus_4440_0x1CEA5D56060> Shadowplay:ServicePlugin joined the Broadcaster.
#0(W)[2023-06-04 02:15:59,724]{4}<MessageBus_4440_0x1CEA5D56060> PerformReadCompletion on handle 7796 read error: 109
#0(D)[2023-06-04 02:15:59,724]{4}<MessageBus_4440_0x1CEA5D56060> PerformDisconnectCompletion on handle 7796 for status 109 with pendingCount remaining: 0.
#0(D)[2023-06-04 02:15:59,724]{4}<MessageBus_4440_0x1CEA5D56060> PerformDisconnectCompletion on handle 7796 calling OnPipeDisconnect.
#0(I)[2023-06-04 02:15:59,724]{4}<MessageBus_4440_0x1CEA5D56060> Pipe Disconnect (109) from Broadcaster.
#0(I)[2023-06-04 02:15:59,724]{4}<MessageBus_4440_0x1CEA5D56060> Notifying peers of disconnect from Broadcaster.
#0(D)[2023-06-04 02:15:59,724]{4}<MessageBus_4440_0x1CEA5D56060> PipeEndpoint::Disconnect done for handle 7796.
#0(D)[2023-06-04 02:15:59,739]{4}<MessageBus_4440_0x1CEA5D56060> PerformDisconnectCompletion on handle 7796 for status 1223 with pendingCount remaining: 0.
#0(D)[2023-06-04 02:15:59,739]{4}<MessageBus_4440_0x1CEA5D56060> PerformDisconnectCompletion OnPipeDisconnect already called, skipping.
#0(I)[2023-06-04 10:55:21,796]{3}<MessageBus_4440_0x1CEA5D56060> PipeEndpoint::Connect on handle 7760.
#0(D)[2023-06-04 10:55:21,796]{3}<MessageBus_4440_0x1CEA5D56060> PipeEndpointConnectorTask pipe connected.
#0(D)[2023-06-04 10:55:21,800]{4}<MessageBus_4440_0x1CEA5D56060> PerformConnectCompletion on handle 7760 calling OnPipeConnect, issuing PerformRead.
#0(I)[2023-06-04 10:55:21,801]{4}<MessageBus_4440_0x1CEA5D56060> Pipe connected to Broadcast process 4440.
#0(I)[2023-06-04 10:55:21,801]{4}<MessageBus_4440_0x1CEA5D56060> rejoinObserverV1: Shadowplay:ServicePlugin
#0(I)[2023-06-04 10:55:21,801]{4}<MessageBus_4440_0x1CEA5D56060> Shadowplay:ServicePlugin joined the Broadcaster.
#0(W)[2023-06-05 00:35:59,695]{4}<MessageBus_4440_0x1CEA5D56060> PerformReadCompletion on handle 7760 read error: 109
#0(D)[2023-06-05 00:35:59,695]{4}<MessageBus_4440_0x1CEA5D56060> PerformDisconnectCompletion on handle 7760 for status 109 with pendingCount remaining: 0.
#0(D)[2023-06-05 00:35:59,695]{4}<MessageBus_4440_0x1CEA5D56060> PerformDisconnectCompletion on handle 7760 calling OnPipeDisconnect.
#0(I)[2023-06-05 00:35:59,695]{4}<MessageBus_4440_0x1CEA5D56060> Pipe Disconnect (109) from Broadcaster.
#0(I)[2023-06-05 00:35:59,695]{4}<MessageBus_4440_0x1CEA5D56060> Notifying peers of disconnect from Broadcaster.
#0(D)[2023-06-05 00:35:59,696]{4}<MessageBus_4440_0x1CEA5D56060> PipeEndpoint::Disconnect done for handle 7760.
#0(D)[2023-06-05 00:35:59,709]{4}<MessageBus_4440_0x1CEA5D56060> PerformDisconnectCompletion on handle 7760 for status 1223 with pendingCount remaining: 0.
#0(D)[2023-06-05 00:35:59,709]{4}<MessageBus_4440_0x1CEA5D56060> PerformDisconnectCompletion OnPipeDisconnect already called, skipping.
#0(I)[2023-06-05 02:14:35,066]{3}<MessageBus_4440_0x1CEA5D56060> PipeEndpoint::Connect on handle 10504.
#0(D)[2023-06-05 02:14:35,066]{3}<MessageBus_4440_0x1CEA5D56060> PipeEndpointConnectorTask pipe connected.
#0(D)[2023-06-05 02:14:35,071]{4}<MessageBus_4440_0x1CEA5D56060> PerformConnectCompletion on handle 10504 calling OnPipeConnect, issuing PerformRead.
#0(I)[2023-06-05 02:14:35,071]{4}<MessageBus_4440_0x1CEA5D56060> Pipe connected to Broadcast process 4440.
#0(I)[2023-06-05 02:14:35,071]{4}<MessageBus_4440_0x1CEA5D56060> rejoinObserverV1: Shadowplay:ServicePlugin
#0(I)[2023-06-05 02:14:35,071]{4}<MessageBus_4440_0x1CEA5D56060> Shadowplay:ServicePlugin joined the Broadcaster.
#0(W)[2023-06-05 05:48:55,036]{4}<MessageBus_4440_0x1CEA5D56060> PerformReadCompletion on handle 10504 read error: 109
#0(D)[2023-06-05 05:48:55,036]{4}<MessageBus_4440_0x1CEA5D56060> PerformDisconnectCompletion on handle 10504 for status 109 with pendingCount remaining: 0.
#0(D)[2023-06-05 05:48:55,036]{4}<MessageBus_4440_0x1CEA5D56060> PerformDisconnectCompletion on handle 10504 calling OnPipeDisconnect.
#0(I)[2023-06-05 05:48:55,036]{4}<MessageBus_4440_0x1CEA5D56060> Pipe Disconnect (109) from Broadcaster.
#0(I)[2023-06-05 05:48:55,036]{4}<MessageBus_4440_0x1CEA5D56060> Notifying peers of disconnect from Broadcaster.
#0(D)[2023-06-05 05:48:55,036]{4}<MessageBus_4440_0x1CEA5D56060> PipeEndpoint::Disconnect done for handle 10504.
#0(D)[2023-06-05 05:48:55,050]{4}<MessageBus_4440_0x1CEA5D56060> PerformDisconnectCompletion on handle 10504 for status 1223 with pendingCount remaining: 0.
#0(D)[2023-06-05 05:48:55,050]{4}<MessageBus_4440_0x1CEA5D56060> PerformDisconnectCompletion OnPipeDisconnect already called, skipping.
#0(I)[2023-06-05 11:55:02,728]{3}<MessageBus_4440_0x1CEA5D56060> PipeEndpoint::Connect on handle 10376.
#0(D)[2023-06-05 11:55:02,728]{3}<MessageBus_4440_0x1CEA5D56060> PipeEndpointConnectorTask pipe connected.
#0(D)[2023-06-05 11:55:02,728]{4}<MessageBus_4440_0x1CEA5D56060> PerformConnectCompletion on handle 10376 calling OnPipeConnect, issuing PerformRead.
#0(I)[2023-06-05 11:55:02,728]{4}<MessageBus_4440_0x1CEA5D56060> Pipe connected to Broadcast process 4440.
#0(I)[2023-06-05 11:55:02,728]{4}<MessageBus_4440_0x1CEA5D56060> rejoinObserverV1: Shadowplay:ServicePlugin
#0(I)[2023-06-05 11:55:02,728]{4}<MessageBus_4440_0x1CEA5D56060> Shadowplay:ServicePlugin joined the Broadcaster.
#0(W)[2023-06-05 23:47:36,901]{4}<MessageBus_4440_0x1CEA5D56060> PerformReadCompletion on handle 10376 read error: 109
#0(D)[2023-06-05 23:47:36,901]{4}<MessageBus_4440_0x1CEA5D56060> PerformDisconnectCompletion on handle 10376 for status 109 with pendingCount remaining: 0.
#0(D)[2023-06-05 23:47:36,901]{4}<MessageBus_4440_0x1CEA5D56060> PerformDisconnectCompletion on handle 10376 calling OnPipeDisconnect.
#0(I)[2023-06-05 23:47:36,901]{4}<MessageBus_4440_0x1CEA5D56060> Pipe Disconnect (109) from Broadcaster.
#0(I)[2023-06-05 23:47:36,901]{4}<MessageBus_4440_0x1CEA5D56060> Notifying peers of disconnect from Broadcaster.
#0(D)[2023-06-05 23:47:36,901]{4}<MessageBus_4440_0x1CEA5D56060> PipeEndpoint::Disconnect done for handle 10376.
#0(D)[2023-06-05 23:47:36,916]{4}<MessageBus_4440_0x1CEA5D56060> PerformDisconnectCompletion on handle 10376 for status 1223 with pendingCount remaining: 0.
#0(D)[2023-06-05 23:47:36,916]{4}<MessageBus_4440_0x1CEA5D56060> PerformDisconnectCompletion OnPipeDisconnect already called, skipping.
#0(I)[2023-06-06 01:14:16,866]{3}<MessageBus_4440_0x1CEA5D56060> PipeEndpoint::Connect on handle 12280.
#0(D)[2023-06-06 01:14:16,866]{3}<MessageBus_4440_0x1CEA5D56060> PipeEndpointConnectorTask pipe connected.
#0(D)[2023-06-06 01:14:16,866]{4}<MessageBus_4440_0x1CEA5D56060> PerformConnectCompletion on handle 12280 calling OnPipeConnect, issuing PerformRead.
#0(I)[2023-06-06 01:14:16,866]{4}<MessageBus_4440_0x1CEA5D56060> Pipe connected to Broadcast process 4440.
#0(I)[2023-06-06 01:14:16,866]{4}<MessageBus_4440_0x1CEA5D56060> rejoinObserverV1: Shadowplay:ServicePlugin
#0(I)[2023-06-06 01:14:16,866]{4}<MessageBus_4440_0x1CEA5D56060> Shadowplay:ServicePlugin joined the Broadcaster.
#0(W)[2023-06-06 07:19:30,210]{4}<MessageBus_4440_0x1CEA5D56060> PerformReadCompletion on handle 12280 read error: 109
#0(D)[2023-06-06 07:19:30,210]{4}<MessageBus_4440_0x1CEA5D56060> PerformDisconnectCompletion on handle 12280 for status 109 with pendingCount remaining: 0.
#0(D)[2023-06-06 07:19:30,210]{4}<MessageBus_4440_0x1CEA5D56060> PerformDisconnectCompletion on handle 12280 calling OnPipeDisconnect.
#0(I)[2023-06-06 07:19:30,210]{4}<MessageBus_4440_0x1CEA5D56060> Pipe Disconnect (109) from Broadcaster.
#0(I)[2023-06-06 07:19:30,210]{4}<MessageBus_4440_0x1CEA5D56060> Notifying peers of disconnect from Broadcaster.
#0(D)[2023-06-06 07:19:30,211]{4}<MessageBus_4440_0x1CEA5D56060> PipeEndpoint::Disconnect done for handle 12280.
#0(D)[2023-06-06 07:19:30,223]{4}<MessageBus_4440_0x1CEA5D56060> PerformDisconnectCompletion on handle 12280 for status 1223 with pendingCount remaining: 0.
#0(D)[2023-06-06 07:19:30,223]{4}<MessageBus_4440_0x1CEA5D56060> PerformDisconnectCompletion OnPipeDisconnect already called, skipping.
#0(I)[2023-06-06 12:52:12,812]{3}<MessageBus_4440_0x1CEA5D56060> PipeEndpoint::Connect on handle 12072.
#0(D)[2023-06-06 12:52:12,812]{3}<MessageBus_4440_0x1CEA5D56060> PipeEndpointConnectorTask pipe connected.
#0(D)[2023-06-06 12:52:12,812]{4}<MessageBus_4440_0x1CEA5D56060> PerformConnectCompletion on handle 12072 calling OnPipeConnect, issuing PerformRead.
#0(I)[2023-06-06 12:52:12,812]{4}<MessageBus_4440_0x1CEA5D56060> Pipe connected to Broadcast process 4440.
#0(I)[2023-06-06 12:52:12,812]{4}<MessageBus_4440_0x1CEA5D56060> rejoinObserverV1: Shadowplay:ServicePlugin
#0(I)[2023-06-06 12:52:12,812]{4}<MessageBus_4440_0x1CEA5D56060> Shadowplay:ServicePlugin joined the Broadcaster.
#0(W)[2023-06-07 07:33:01,558]{4}<MessageBus_4440_0x1CEA5D56060> PerformReadCompletion on handle 12072 read error: 109
#0(D)[2023-06-07 07:33:01,558]{4}<MessageBus_4440_0x1CEA5D56060> PerformDisconnectCompletion on handle 12072 for status 109 with pendingCount remaining: 0.
#0(D)[2023-06-07 07:33:01,558]{4}<MessageBus_4440_0x1CEA5D56060> PerformDisconnectCompletion on handle 12072 calling OnPipeDisconnect.
#0(I)[2023-06-07 07:33:01,558]{4}<MessageBus_4440_0x1CEA5D56060> Pipe Disconnect (109) from Broadcaster.
#0(I)[2023-06-07 07:33:01,558]{4}<MessageBus_4440_0x1CEA5D56060> Notifying peers of disconnect from Broadcaster.
#0(D)[2023-06-07 07:33:01,559]{4}<MessageBus_4440_0x1CEA5D56060> PipeEndpoint::Disconnect done for handle 12072.
#0(D)[2023-06-07 07:33:01,569]{4}<MessageBus_4440_0x1CEA5D56060> PerformDisconnectCompletion on handle 12072 for status 1223 with pendingCount remaining: 0.
#0(D)[2023-06-07 07:33:01,569]{4}<MessageBus_4440_0x1CEA5D56060> PerformDisconnectCompletion OnPipeDisconnect already called, skipping.
#0(I)[2023-06-07 13:42:59,998]{3}<MessageBus_4440_0x1CEA5D56060> PipeEndpoint::Connect on handle 3468.
#0(D)[2023-06-07 13:42:59,998]{3}<MessageBus_4440_0x1CEA5D56060> PipeEndpointConnectorTask pipe connected.
#0(D)[2023-06-07 13:42:59,998]{4}<MessageBus_4440_0x1CEA5D56060> PerformConnectCompletion on handle 3468 calling OnPipeConnect, issuing PerformRead.
#0(I)[2023-06-07 13:42:59,998]{4}<MessageBus_4440_0x1CEA5D56060> Pipe connected to Broadcast process 4440.
#0(I)[2023-06-07 13:42:59,998]{4}<MessageBus_4440_0x1CEA5D56060> rejoinObserverV1: Shadowplay:ServicePlugin
#0(I)[2023-06-07 13:42:59,998]{4}<MessageBus_4440_0x1CEA5D56060> Shadowplay:ServicePlugin joined the Broadcaster.
#0(W)[2023-06-08 03:23:07,230]{4}<MessageBus_4440_0x1CEA5D56060> PerformReadCompletion on handle 3468 read error: 109
#0(D)[2023-06-08 03:23:07,230]{4}<MessageBus_4440_0x1CEA5D56060> PerformDisconnectCompletion on handle 3468 for status 109 with pendingCount remaining: 0.
#0(D)[2023-06-08 03:23:07,230]{4}<MessageBus_4440_0x1CEA5D56060> PerformDisconnectCompletion on handle 3468 calling OnPipeDisconnect.
#0(I)[2023-06-08 03:23:07,230]{4}<MessageBus_4440_0x1CEA5D56060> Pipe Disconnect (109) from Broadcaster.
#0(I)[2023-06-08 03:23:07,230]{4}<MessageBus_4440_0x1CEA5D56060> Notifying peers of disconnect from Broadcaster.
#0(D)[2023-06-08 03:23:07,231]{4}<MessageBus_4440_0x1CEA5D56060> PipeEndpoint::Disconnect done for handle 3468.
#0(D)[2023-06-08 03:23:07,242]{4}<MessageBus_4440_0x1CEA5D56060> PerformDisconnectCompletion on handle 3468 for status 1223 with pendingCount remaining: 0.
#0(D)[2023-06-08 03:23:07,242]{4}<MessageBus_4440_0x1CEA5D56060> PerformDisconnectCompletion OnPipeDisconnect already called, skipping.
#0(I)[2023-06-08 12:41:45,690]{3}<MessageBus_4440_0x1CEA5D56060> PipeEndpoint::Connect on handle 14360.
#0(D)[2023-06-08 12:41:45,690]{3}<MessageBus_4440_0x1CEA5D56060> PipeEndpointConnectorTask pipe connected.
#0(D)[2023-06-08 12:41:45,700]{4}<MessageBus_4440_0x1CEA5D56060> PerformConnectCompletion on handle 14360 calling OnPipeConnect, issuing PerformRead.
#0(I)[2023-06-08 12:41:45,713]{4}<MessageBus_4440_0x1CEA5D56060> Pipe connected to Broadcast process 4440.
#0(I)[2023-06-08 12:41:45,713]{4}<MessageBus_4440_0x1CEA5D56060> rejoinObserverV1: Shadowplay:ServicePlugin
#0(I)[2023-06-08 12:41:45,713]{4}<MessageBus_4440_0x1CEA5D56060> Shadowplay:ServicePlugin joined the Broadcaster.
#0(W)[2023-06-08 21:57:24,947]{4}<MessageBus_4440_0x1CEA5D56060> PerformReadCompletion on handle 14360 read error: 109
#0(D)[2023-06-08 21:57:24,947]{4}<MessageBus_4440_0x1CEA5D56060> PerformDisconnectCompletion on handle 14360 for status 109 with pendingCount remaining: 0.
#0(D)[2023-06-08 21:57:24,947]{4}<MessageBus_4440_0x1CEA5D56060> PerformDisconnectCompletion on handle 14360 calling OnPipeDisconnect.
#0(I)[2023-06-08 21:57:24,947]{4}<MessageBus_4440_0x1CEA5D56060> Pipe Disconnect (109) from Broadcaster.
#0(I)[2023-06-08 21:57:24,947]{4}<MessageBus_4440_0x1CEA5D56060> Notifying peers of disconnect from Broadcaster.
#0(D)[2023-06-08 21:57:24,948]{4}<MessageBus_4440_0x1CEA5D56060> PipeEndpoint::Disconnect done for handle 14360.
#0(D)[2023-06-08 21:57:24,964]{4}<MessageBus_4440_0x1CEA5D56060> PerformDisconnectCompletion on handle 14360 for status 1223 with pendingCount remaining: 0.
#0(D)[2023-06-08 21:57:24,964]{4}<MessageBus_4440_0x1CEA5D56060> PerformDisconnectCompletion OnPipeDisconnect already called, skipping.
#0(I)[2023-06-09 00:49:51,838]{3}<MessageBus_4440_0x1CEA5D56060> PipeEndpoint::Connect on handle 15220.
#0(D)[2023-06-09 00:49:51,838]{3}<MessageBus_4440_0x1CEA5D56060> PipeEndpointConnectorTask pipe connected.
#0(D)[2023-06-09 00:49:51,838]{4}<MessageBus_4440_0x1CEA5D56060> PerformConnectCompletion on handle 15220 calling OnPipeConnect, issuing PerformRead.
#0(I)[2023-06-09 00:49:51,838]{4}<MessageBus_4440_0x1CEA5D56060> Pipe connected to Broadcast process 4440.
#0(I)[2023-06-09 00:49:51,838]{4}<MessageBus_4440_0x1CEA5D56060> rejoinObserverV1: Shadowplay:ServicePlugin
#0(I)[2023-06-09 00:49:51,838]{4}<MessageBus_4440_0x1CEA5D56060> Shadowplay:ServicePlugin joined the Broadcaster.
#0(W)[2023-06-09 23:04:09,519]{4}<MessageBus_4440_0x1CEA5D56060> PerformReadCompletion on handle 15220 read error: 109
#0(D)[2023-06-09 23:04:09,519]{4}<MessageBus_4440_0x1CEA5D56060> PerformDisconnectCompletion on handle 15220 for status 109 with pendingCount remaining: 0.
#0(D)[2023-06-09 23:04:09,519]{4}<MessageBus_4440_0x1CEA5D56060> PerformDisconnectCompletion on handle 15220 calling OnPipeDisconnect.
#0(I)[2023-06-09 23:04:09,519]{4}<MessageBus_4440_0x1CEA5D56060> Pipe Disconnect (109) from Broadcaster.
#0(I)[2023-06-09 23:04:09,520]{4}<MessageBus_4440_0x1CEA5D56060> Notifying peers of disconnect from Broadcaster.
#0(D)[2023-06-09 23:04:09,521]{4}<MessageBus_4440_0x1CEA5D56060> PipeEndpoint::Disconnect done for handle 15220.
#0(D)[2023-06-09 23:04:09,534]{4}<MessageBus_4440_0x1CEA5D56060> PerformDisconnectCompletion on handle 15220 for status 1223 with pendingCount remaining: 0.
#0(D)[2023-06-09 23:04:09,534]{4}<MessageBus_4440_0x1CEA5D56060> PerformDisconnectCompletion OnPipeDisconnect already called, skipping.
#0(I)[2023-06-10 00:27:15,849]{3}<MessageBus_4440_0x1CEA5D56060> PipeEndpoint::Connect on handle 18700.
#0(D)[2023-06-10 00:27:15,849]{3}<MessageBus_4440_0x1CEA5D56060> PipeEndpointConnectorTask pipe connected.
#0(D)[2023-06-10 00:27:15,854]{4}<MessageBus_4440_0x1CEA5D56060> PerformConnectCompletion on handle 18700 calling OnPipeConnect, issuing PerformRead.
#0(I)[2023-06-10 00:27:15,854]{4}<MessageBus_4440_0x1CEA5D56060> Pipe connected to Broadcast process 4440.
#0(I)[2023-06-10 00:27:15,854]{4}<MessageBus_4440_0x1CEA5D56060> rejoinObserverV1: Shadowplay:ServicePlugin
#0(I)[2023-06-10 00:27:15,854]{4}<MessageBus_4440_0x1CEA5D56060> Shadowplay:ServicePlugin joined the Broadcaster.
#0(W)[2023-06-11 04:00:13,163]{4}<MessageBus_4440_0x1CEA5D56060> PerformReadCompletion on handle 18700 read error: 109
#0(D)[2023-06-11 04:00:13,163]{4}<MessageBus_4440_0x1CEA5D56060> PerformDisconnectCompletion on handle 18700 for status 109 with pendingCount remaining: 0.
#0(D)[2023-06-11 04:00:13,163]{4}<MessageBus_4440_0x1CEA5D56060> PerformDisconnectCompletion on handle 18700 calling OnPipeDisconnect.
#0(I)[2023-06-11 04:00:13,163]{4}<MessageBus_4440_0x1CEA5D56060> Pipe Disconnect (109) from Broadcaster.
#0(I)[2023-06-11 04:00:13,164]{4}<MessageBus_4440_0x1CEA5D56060> Notifying peers of disconnect from Broadcaster.
#0(D)[2023-06-11 04:00:13,165]{4}<MessageBus_4440_0x1CEA5D56060> PipeEndpoint::Disconnect done for handle 18700.
#0(D)[2023-06-11 04:00:13,177]{4}<MessageBus_4440_0x1CEA5D56060> PerformDisconnectCompletion on handle 18700 for status 1223 with pendingCount remaining: 0.
#0(D)[2023-06-11 04:00:13,177]{4}<MessageBus_4440_0x1CEA5D56060> PerformDisconnectCompletion OnPipeDisconnect already called, skipping.
#0(I)[2023-06-11 05:01:03,981]{3}<MessageBus_4440_0x1CEA5D56060> PipeEndpoint::Connect on handle 18604.
#0(D)[2023-06-11 05:01:03,982]{3}<MessageBus_4440_0x1CEA5D56060> PipeEndpointConnectorTask pipe connected.
#0(D)[2023-06-11 05:01:03,999]{4}<MessageBus_4440_0x1CEA5D56060> PerformConnectCompletion on handle 18604 calling OnPipeConnect, issuing PerformRead.
#0(I)[2023-06-11 05:01:03,999]{4}<MessageBus_4440_0x1CEA5D56060> Pipe connected to Broadcast process 4440.
#0(I)[2023-06-11 05:01:03,999]{4}<MessageBus_4440_0x1CEA5D56060> rejoinObserverV1: Shadowplay:ServicePlugin
#0(I)[2023-06-11 05:01:03,999]{4}<MessageBus_4440_0x1CEA5D56060> Shadowplay:ServicePlugin joined the Broadcaster.
#0(W)[2023-06-11 08:03:11,637]{4}<MessageBus_4440_0x1CEA5D56060> PerformReadCompletion on handle 18604 read error: 109
#0(D)[2023-06-11 08:03:11,637]{4}<MessageBus_4440_0x1CEA5D56060> PerformDisconnectCompletion on handle 18604 for status 109 with pendingCount remaining: 0.
#0(D)[2023-06-11 08:03:11,637]{4}<MessageBus_4440_0x1CEA5D56060> PerformDisconnectCompletion on handle 18604 calling OnPipeDisconnect.
#0(I)[2023-06-11 08:03:11,637]{4}<MessageBus_4440_0x1CEA5D56060> Pipe Disconnect (109) from Broadcaster.
#0(I)[2023-06-11 08:03:11,637]{4}<MessageBus_4440_0x1CEA5D56060> Notifying peers of disconnect from Broadcaster.
#0(D)[2023-06-11 08:03:11,638]{4}<MessageBus_4440_0x1CEA5D56060> PipeEndpoint::Disconnect done for handle 18604.
#0(D)[2023-06-11 08:03:11,644]{4}<MessageBus_4440_0x1CEA5D56060> PerformDisconnectCompletion on handle 18604 for status 1223 with pendingCount remaining: 0.
#0(D)[2023-06-11 08:03:11,644]{4}<MessageBus_4440_0x1CEA5D56060> PerformDisconnectCompletion OnPipeDisconnect already called, skipping.
#0(I)[2023-06-11 16:52:03,843]{3}<MessageBus_4440_0x1CEA5D56060> PipeEndpoint::Connect on handle 20068.
#0(D)[2023-06-11 16:52:03,843]{3}<MessageBus_4440_0x1CEA5D56060> PipeEndpointConnectorTask pipe connected.
#0(D)[2023-06-11 16:52:03,843]{4}<MessageBus_4440_0x1CEA5D56060> PerformConnectCompletion on handle 20068 calling OnPipeConnect, issuing PerformRead.
#0(I)[2023-06-11 16:52:03,844]{4}<MessageBus_4440_0x1CEA5D56060> Pipe connected to Broadcast process 4440.
#0(I)[2023-06-11 16:52:03,844]{4}<MessageBus_4440_0x1CEA5D56060> rejoinObserverV1: Shadowplay:ServicePlugin
#0(I)[2023-06-11 16:52:03,844]{4}<MessageBus_4440_0x1CEA5D56060> Shadowplay:ServicePlugin joined the Broadcaster.
#0(W)[2023-06-12 02:42:19,075]{4}<MessageBus_4440_0x1CEA5D56060> PerformReadCompletion on handle 20068 read error: 109
#0(D)[2023-06-12 02:42:19,075]{4}<MessageBus_4440_0x1CEA5D56060> PerformDisconnectCompletion on handle 20068 for status 109 with pendingCount remaining: 0.
#0(D)[2023-06-12 02:42:19,075]{4}<MessageBus_4440_0x1CEA5D56060> PerformDisconnectCompletion on handle 20068 calling OnPipeDisconnect.
#0(I)[2023-06-12 02:42:19,075]{4}<MessageBus_4440_0x1CEA5D56060> Pipe Disconnect (109) from Broadcaster.
#0(I)[2023-06-12 02:42:19,075]{4}<MessageBus_4440_0x1CEA5D56060> Notifying peers of disconnect from Broadcaster.
#0(D)[2023-06-12 02:42:19,076]{4}<MessageBus_4440_0x1CEA5D56060> PipeEndpoint::Disconnect done for handle 20068.
#0(D)[2023-06-12 02:42:19,088]{4}<MessageBus_4440_0x1CEA5D56060> PerformDisconnectCompletion on handle 20068 for status 1223 with pendingCount remaining: 0.
#0(D)[2023-06-12 02:42:19,088]{4}<MessageBus_4440_0x1CEA5D56060> PerformDisconnectCompletion OnPipeDisconnect already called, skipping.
#0(I)[2023-06-12 02:53:17,802]{3}<MessageBus_4440_0x1CEA5D56060> PipeEndpoint::Connect on handle 20172.
#0(D)[2023-06-12 02:53:17,802]{3}<MessageBus_4440_0x1CEA5D56060> PipeEndpointConnectorTask pipe connected.
#0(D)[2023-06-12 02:53:17,807]{4}<MessageBus_4440_0x1CEA5D56060> PerformConnectCompletion on handle 20172 calling OnPipeConnect, issuing PerformRead.
#0(I)[2023-06-12 02:53:17,807]{4}<MessageBus_4440_0x1CEA5D56060> Pipe connected to Broadcast process 4440.
#0(I)[2023-06-12 02:53:17,807]{4}<MessageBus_4440_0x1CEA5D56060> rejoinObserverV1: Shadowplay:ServicePlugin
#0(I)[2023-06-12 02:53:17,807]{4}<MessageBus_4440_0x1CEA5D56060> Shadowplay:ServicePlugin joined the Broadcaster.
#0(W)[2023-06-12 08:21:17,936]{4}<MessageBus_4440_0x1CEA5D56060> PerformReadCompletion on handle 20172 read error: 109
#0(D)[2023-06-12 08:21:17,936]{4}<MessageBus_4440_0x1CEA5D56060> PerformDisconnectCompletion on handle 20172 for status 109 with pendingCount remaining: 0.
#0(D)[2023-06-12 08:21:17,936]{4}<MessageBus_4440_0x1CEA5D56060> PerformDisconnectCompletion on handle 20172 calling OnPipeDisconnect.
#0(I)[2023-06-12 08:21:17,936]{4}<MessageBus_4440_0x1CEA5D56060> Pipe Disconnect (109) from Broadcaster.
#0(I)[2023-06-12 08:21:17,936]{4}<MessageBus_4440_0x1CEA5D56060> Notifying peers of disconnect from Broadcaster.
#0(D)[2023-06-12 08:21:17,937]{4}<MessageBus_4440_0x1CEA5D56060> PipeEndpoint::Disconnect done for handle 20172.
#0(D)[2023-06-12 08:21:17,950]{4}<MessageBus_4440_0x1CEA5D56060> PerformDisconnectCompletion on handle 20172 for status 1223 with pendingCount remaining: 0.
#0(D)[2023-06-12 08:21:17,950]{4}<MessageBus_4440_0x1CEA5D56060> PerformDisconnectCompletion OnPipeDisconnect already called, skipping.
#0(I)[2023-06-12 16:56:01,720]{3}<MessageBus_4440_0x1CEA5D56060> PipeEndpoint::Connect on handle 20732.
#0(D)[2023-06-12 16:56:01,720]{3}<MessageBus_4440_0x1CEA5D56060> PipeEndpointConnectorTask pipe connected.
#0(D)[2023-06-12 16:56:01,738]{4}<MessageBus_4440_0x1CEA5D56060> PerformConnectCompletion on handle 20732 calling OnPipeConnect, issuing PerformRead.
#0(I)[2023-06-12 16:56:01,738]{4}<MessageBus_4440_0x1CEA5D56060> Pipe connected to Broadcast process 4440.
#0(I)[2023-06-12 16:56:01,738]{4}<MessageBus_4440_0x1CEA5D56060> rejoinObserverV1: Shadowplay:ServicePlugin
#0(I)[2023-06-12 16:56:01,739]{4}<MessageBus_4440_0x1CEA5D56060> Shadowplay:ServicePlugin joined the Broadcaster.
#0(W)[2023-06-13 04:28:14,318]{4}<MessageBus_4440_0x1CEA5D56060> PerformReadCompletion on handle 20732 read error: 109
#0(D)[2023-06-13 04:28:14,318]{4}<MessageBus_4440_0x1CEA5D56060> PerformDisconnectCompletion on handle 20732 for status 109 with pendingCount remaining: 0.
#0(D)[2023-06-13 04:28:14,318]{4}<MessageBus_4440_0x1CEA5D56060> PerformDisconnectCompletion on handle 20732 calling OnPipeDisconnect.
#0(I)[2023-06-13 04:28:14,318]{4}<MessageBus_4440_0x1CEA5D56060> Pipe Disconnect (109) from Broadcaster.
#0(I)[2023-06-13 04:28:14,318]{4}<MessageBus_4440_0x1CEA5D56060> Notifying peers of disconnect from Broadcaster.
#0(D)[2023-06-13 04:28:14,319]{4}<MessageBus_4440_0x1CEA5D56060> PipeEndpoint::Disconnect done for handle 20732.
#0(D)[2023-06-13 04:28:14,322]{4}<MessageBus_4440_0x1CEA5D56060> PerformDisconnectCompletion on handle 20732 for status 1223 with pendingCount remaining: 0.
#0(D)[2023-06-13 04:28:14,322]{4}<MessageBus_4440_0x1CEA5D56060> PerformDisconnectCompletion OnPipeDisconnect already called, skipping.
#0(I)[2023-06-13 04:56:14,830]{3}<MessageBus_4440_0x1CEA5D56060> PipeEndpoint::Connect on handle 20856.
#0(D)[2023-06-13 04:56:14,830]{3}<MessageBus_4440_0x1CEA5D56060> PipeEndpointConnectorTask pipe connected.
#0(D)[2023-06-13 04:56:14,830]{4}<MessageBus_4440_0x1CEA5D56060> PerformConnectCompletion on handle 20856 calling OnPipeConnect, issuing PerformRead.
#0(I)[2023-06-13 04:56:14,830]{4}<MessageBus_4440_0x1CEA5D56060> Pipe connected to Broadcast process 4440.
#0(I)[2023-06-13 04:56:14,830]{4}<MessageBus_4440_0x1CEA5D56060> rejoinObserverV1: Shadowplay:ServicePlugin
#0(I)[2023-06-13 04:56:14,841]{4}<MessageBus_4440_0x1CEA5D56060> Shadowplay:ServicePlugin joined the Broadcaster.
#0(W)[2023-06-13 06:38:26,394]{4}<MessageBus_4440_0x1CEA5D56060> PerformReadCompletion on handle 20856 read error: 109
#0(D)[2023-06-13 06:38:26,394]{4}<MessageBus_4440_0x1CEA5D56060> PerformDisconnectCompletion on handle 20856 for status 109 with pendingCount remaining: 0.
#0(D)[2023-06-13 06:38:26,394]{4}<MessageBus_4440_0x1CEA5D56060> PerformDisconnectCompletion on handle 20856 calling OnPipeDisconnect.
#0(I)[2023-06-13 06:38:26,394]{4}<MessageBus_4440_0x1CEA5D56060> Pipe Disconnect (109) from Broadcaster.
#0(I)[2023-06-13 06:38:26,394]{4}<MessageBus_4440_0x1CEA5D56060> Notifying peers of disconnect from Broadcaster.
#0(D)[2023-06-13 06:38:26,396]{4}<MessageBus_4440_0x1CEA5D56060> PipeEndpoint::Disconnect done for handle 20856.
#0(D)[2023-06-13 06:38:26,409]{4}<MessageBus_4440_0x1CEA5D56060> PerformDisconnectCompletion on handle 20856 for status 1223 with pendingCount remaining: 0.
#0(D)[2023-06-13 06:38:26,409]{4}<MessageBus_4440_0x1CEA5D56060> PerformDisconnectCompletion OnPipeDisconnect already called, skipping.
#0(I)[2023-06-13 07:18:21,810]{3}<MessageBus_4440_0x1CEA5D56060> PipeEndpoint::Connect on handle 20020.
#0(D)[2023-06-13 07:18:21,810]{3}<MessageBus_4440_0x1CEA5D56060> PipeEndpointConnectorTask pipe connected.
#0(D)[2023-06-13 07:18:21,815]{4}<MessageBus_4440_0x1CEA5D56060> PerformConnectCompletion on handle 20020 calling OnPipeConnect, issuing PerformRead.
#0(I)[2023-06-13 07:18:21,815]{4}<MessageBus_4440_0x1CEA5D56060> Pipe connected to Broadcast process 4440.
#0(I)[2023-06-13 07:18:21,815]{4}<MessageBus_4440_0x1CEA5D56060> rejoinObserverV1: Shadowplay:ServicePlugin
#0(I)[2023-06-13 07:18:21,815]{4}<MessageBus_4440_0x1CEA5D56060> Shadowplay:ServicePlugin joined the Broadcaster.
#0(W)[2023-06-13 11:00:13,116]{4}<MessageBus_4440_0x1CEA5D56060> PerformReadCompletion on handle 20020 read error: 109
#0(D)[2023-06-13 11:00:13,116]{4}<MessageBus_4440_0x1CEA5D56060> PerformDisconnectCompletion on handle 20020 for status 109 with pendingCount remaining: 0.
#0(D)[2023-06-13 11:00:13,116]{4}<MessageBus_4440_0x1CEA5D56060> PerformDisconnectCompletion on handle 20020 calling OnPipeDisconnect.
#0(I)[2023-06-13 11:00:13,116]{4}<MessageBus_4440_0x1CEA5D56060> Pipe Disconnect (109) from Broadcaster.
#0(I)[2023-06-13 11:00:13,116]{4}<MessageBus_4440_0x1CEA5D56060> Notifying peers of disconnect from Broadcaster.
#0(D)[2023-06-13 11:00:13,118]{4}<MessageBus_4440_0x1CEA5D56060> PipeEndpoint::Disconnect done for handle 20020.
#0(D)[2023-06-13 11:00:13,129]{4}<MessageBus_4440_0x1CEA5D56060> PerformDisconnectCompletion on handle 20020 for status 1223 with pendingCount remaining: 0.
#0(D)[2023-06-13 11:00:13,129]{4}<MessageBus_4440_0x1CEA5D56060> PerformDisconnectCompletion OnPipeDisconnect already called, skipping.
#0(I)[2023-06-13 16:41:22,915]{3}<MessageBus_4440_0x1CEA5D56060> PipeEndpoint::Connect on handle 20020.
#0(D)[2023-06-13 16:41:22,915]{3}<MessageBus_4440_0x1CEA5D56060> PipeEndpointConnectorTask pipe connected.
#0(D)[2023-06-13 16:41:22,921]{4}<MessageBus_4440_0x1CEA5D56060> PerformConnectCompletion on handle 20020 calling OnPipeConnect, issuing PerformRead.
#0(I)[2023-06-13 16:41:22,921]{4}<MessageBus_4440_0x1CEA5D56060> Pipe connected to Broadcast process 4440.
#0(I)[2023-06-13 16:41:22,922]{4}<MessageBus_4440_0x1CEA5D56060> rejoinObserverV1: Shadowplay:ServicePlugin
#0(I)[2023-06-13 16:41:22,922]{4}<MessageBus_4440_0x1CEA5D56060> Shadowplay:ServicePlugin joined the Broadcaster.
#0(W)[2023-06-13 23:23:12,369]{4}<MessageBus_4440_0x1CEA5D56060> PerformReadCompletion on handle 20020 read error: 109
#0(D)[2023-06-13 23:23:12,369]{4}<MessageBus_4440_0x1CEA5D56060> PerformDisconnectCompletion on handle 20020 for status 109 with pendingCount remaining: 0.
#0(D)[2023-06-13 23:23:12,369]{4}<MessageBus_4440_0x1CEA5D56060> PerformDisconnectCompletion on handle 20020 calling OnPipeDisconnect.
#0(I)[2023-06-13 23:23:12,369]{4}<MessageBus_4440_0x1CEA5D56060> Pipe Disconnect (109) from Broadcaster.
#0(I)[2023-06-13 23:23:12,369]{4}<MessageBus_4440_0x1CEA5D56060> Notifying peers of disconnect from Broadcaster.
#0(D)[2023-06-13 23:23:12,372]{4}<MessageBus_4440_0x1CEA5D56060> PipeEndpoint::Disconnect done for handle 20020.
#0(D)[2023-06-13 23:23:12,375]{4}<MessageBus_4440_0x1CEA5D56060> PerformDisconnectCompletion on handle 20020 for status 1223 with pendingCount remaining: 0.
#0(D)[2023-06-13 23:23:12,375]{4}<MessageBus_4440_0x1CEA5D56060> PerformDisconnectCompletion OnPipeDisconnect already called, skipping.
#0(I)[2023-06-14 01:03:39,725]{3}<MessageBus_4440_0x1CEA5D56060> PipeEndpoint::Connect on handle 21632.
#0(D)[2023-06-14 01:03:39,725]{3}<MessageBus_4440_0x1CEA5D56060> PipeEndpointConnectorTask pipe connected.
#0(D)[2023-06-14 01:03:39,733]{4}<MessageBus_4440_0x1CEA5D56060> PerformConnectCompletion on handle 21632 calling OnPipeConnect, issuing PerformRead.
#0(I)[2023-06-14 01:03:39,733]{4}<MessageBus_4440_0x1CEA5D56060> Pipe connected to Broadcast process 4440.
#0(I)[2023-06-14 01:03:39,733]{4}<MessageBus_4440_0x1CEA5D56060> rejoinObserverV1: Shadowplay:ServicePlugin
#0(I)[2023-06-14 01:03:39,733]{4}<MessageBus_4440_0x1CEA5D56060> Shadowplay:ServicePlugin joined the Broadcaster.
#0(W)[2023-06-14 04:38:50,054]{4}<MessageBus_4440_0x1CEA5D56060> PerformReadCompletion on handle 21632 read error: 109
#0(D)[2023-06-14 04:38:50,054]{4}<MessageBus_4440_0x1CEA5D56060> PerformDisconnectCompletion on handle 21632 for status 109 with pendingCount remaining: 0.
#0(D)[2023-06-14 04:38:50,054]{4}<MessageBus_4440_0x1CEA5D56060> PerformDisconnectCompletion on handle 21632 calling OnPipeDisconnect.
#0(I)[2023-06-14 04:38:50,054]{4}<MessageBus_4440_0x1CEA5D56060> Pipe Disconnect (109) from Broadcaster.
#0(I)[2023-06-14 04:38:50,054]{4}<MessageBus_4440_0x1CEA5D56060> Notifying peers of disconnect from Broadcaster.
#0(D)[2023-06-14 04:38:50,055]{4}<MessageBus_4440_0x1CEA5D56060> PipeEndpoint::Disconnect done for handle 21632.
#0(D)[2023-06-14 04:38:50,059]{4}<MessageBus_4440_0x1CEA5D56060> PerformDisconnectCompletion on handle 21632 for status 1223 with pendingCount remaining: 0.
#0(D)[2023-06-14 04:38:50,059]{4}<MessageBus_4440_0x1CEA5D56060> PerformDisconnectCompletion OnPipeDisconnect already called, skipping.
#0(I)[2023-06-14 05:32:08,792]{3}<MessageBus_4440_0x1CEA5D56060> PipeEndpoint::Connect on handle 22024.
#0(D)[2023-06-14 05:32:08,792]{4}<MessageBus_4440_0x1CEA5D56060> PerformConnectCompletion on handle 22024 calling OnPipeConnect, issuing PerformRead.
#0(D)[2023-06-14 05:32:08,792]{3}<MessageBus_4440_0x1CEA5D56060> PipeEndpointConnectorTask pipe connected.
#0(I)[2023-06-14 05:32:08,792]{4}<MessageBus_4440_0x1CEA5D56060> Pipe connected to Broadcast process 4440.
#0(I)[2023-06-14 05:32:08,792]{4}<MessageBus_4440_0x1CEA5D56060> rejoinObserverV1: Shadowplay:ServicePlugin
#0(I)[2023-06-14 05:32:08,793]{4}<MessageBus_4440_0x1CEA5D56060> Shadowplay:ServicePlugin joined the Broadcaster.
#0(W)[2023-06-14 09:38:24,836]{4}<MessageBus_4440_0x1CEA5D56060> PerformReadCompletion on handle 22024 read error: 109
#0(D)[2023-06-14 09:38:24,836]{4}<MessageBus_4440_0x1CEA5D56060> PerformDisconnectCompletion on handle 22024 for status 109 with pendingCount remaining: 0.
#0(D)[2023-06-14 09:38:24,836]{4}<MessageBus_4440_0x1CEA5D56060> PerformDisconnectCompletion on handle 22024 calling OnPipeDisconnect.
#0(I)[2023-06-14 09:38:24,836]{4}<MessageBus_4440_0x1CEA5D56060> Pipe Disconnect (109) from Broadcaster.
#0(I)[2023-06-14 09:38:24,836]{4}<MessageBus_4440_0x1CEA5D56060> Notifying peers of disconnect from Broadcaster.
#0(D)[2023-06-14 09:38:24,838]{4}<MessageBus_4440_0x1CEA5D56060> PipeEndpoint::Disconnect done for handle 22024.
#0(D)[2023-06-14 09:38:24,846]{4}<MessageBus_4440_0x1CEA5D56060> PerformDisconnectCompletion on handle 22024 for status 1223 with pendingCount remaining: 0.
#0(D)[2023-06-14 09:38:24,846]{4}<MessageBus_4440_0x1CEA5D56060> PerformDisconnectCompletion OnPipeDisconnect already called, skipping.
#0(I)[2023-06-14 16:05:42,793]{3}<MessageBus_4440_0x1CEA5D56060> PipeEndpoint::Connect on handle 22776.
#0(D)[2023-06-14 16:05:42,793]{3}<MessageBus_4440_0x1CEA5D56060> PipeEndpointConnectorTask pipe connected.
#0(D)[2023-06-14 16:05:42,803]{4}<MessageBus_4440_0x1CEA5D56060> PerformConnectCompletion on handle 22776 calling OnPipeConnect, issuing PerformRead.
#0(I)[2023-06-14 16:05:42,803]{4}<MessageBus_4440_0x1CEA5D56060> Pipe connected to Broadcast process 4440.
#0(I)[2023-06-14 16:05:42,803]{4}<MessageBus_4440_0x1CEA5D56060> rejoinObserverV1: Shadowplay:ServicePlugin
#0(I)[2023-06-14 16:05:42,803]{4}<MessageBus_4440_0x1CEA5D56060> Shadowplay:ServicePlugin joined the Broadcaster.
#0(I)[2023-06-14 19:44:30,749]{0}<MessageBus_4440_0x1CEA5D56060> Removed observer v1: Shadowplay:ServicePlugin
#0(W)[2023-06-14 19:44:30,749]{4}<MessageBus_4440_0x1CEA5D56060> PipeEndpoint::PerformRead ReadFile header lastError: 109
#0(D)[2023-06-14 19:44:30,749]{4}<MessageBus_4440_0x1CEA5D56060> PerformDisconnectCompletion on handle 22776 for status 109 with pendingCount remaining: 0.
#0(D)[2023-06-14 19:44:30,749]{4}<MessageBus_4440_0x1CEA5D56060> PerformDisconnectCompletion on handle 22776 calling OnPipeDisconnect.
#0(I)[2023-06-14 19:44:30,749]{4}<MessageBus_4440_0x1CEA5D56060> Pipe Disconnect (109) from Broadcaster.
#0(I)[2023-06-14 19:44:30,749]{4}<MessageBus_4440_0x1CEA5D56060> Notifying peers of disconnect from Broadcaster.
#0(D)[2023-06-14 19:44:30,749]{0}<MessageBus_4440_0x1CEA5D56060> ~MessageBusImpl enter.
#0(D)[2023-06-14 19:44:30,749]{0}<MessageBus_4440_0x1CEA5D56060> ~MessageBusImpl waiting for write queue to flush.
#0(D)[2023-06-14 19:44:30,749]{0}<MessageBus_4440_0x1CEA5D56060> ~MessageBusImpl writes flushed successfully.
#0(D)[2023-06-14 19:44:30,749]{0}<MessageBus_4440_0x1CEA5D56060> ~MessageBusImpl Requesting disconnect.
#0(D)[2023-06-14 19:44:30,749]{4}<MessageBus_4440_0x1CEA5D56060> PerformDisconnectCompletion on handle 22776 for status 1223 with pendingCount remaining: 0.
#0(D)[2023-06-14 19:44:30,749]{4}<MessageBus_4440_0x1CEA5D56060> PerformDisconnectCompletion OnPipeDisconnect already called, skipping.
#0(D)[2023-06-14 19:44:30,749]{0}<MessageBus_4440_0x1CEA5D56060> PipeEndpoint::Disconnect done for handle 22776.
#0(D)[2023-06-14 19:44:30,749]{0}<MessageBus_4440_0x1CEA5D56060> ~MessageBusImpl waiting for disconnect notification.
#0(D)[2023-06-14 19:44:30,749]{0}<MessageBus_4440_0x1CEA5D56060> ~MessageBusImpl disconnect completed.
#0(D)[2023-06-14 19:44:30,749]{0}<MessageBus_4440_0x1CEA5D56060> PostQueuedCompletionStatus with NULL key for shutdown.
#0(D)[2023-06-14 19:44:30,749]{4}<MessageBus_4440_0x1CEA5D56060> IoCompletionDispatchTask completion for quit event received.
#0(D)[2023-06-14 19:44:30,749]{0}<MessageBus_4440_0x1CEA5D56060> TaskManager tasks have completed, closing IOCP.
#0(D)[2023-06-14 19:44:30,764]{0}<MessageBus_4440_0x1CEA5D56060> ~MessageBusImpl exit.
