#0(I)[2023-06-14 19:45:06,008]{0}<MessageBus_4928_0x18D1C125150> Logger Initialized.
#0(I)[2023-06-14 19:45:06,008]{0}<MessageBus_4928_0x18D1C125150> V1 Observer attempting to join bus: SSAS:MdnsPlugin
#0(I)[2023-06-14 19:45:06,024]{0}<MessageBus_4928_0x18D1C125150> V1 Observer attempting to join bus: SSAS:NvStreamControl
#0(I)[2023-06-14 19:45:06,024]{0}<MessageBus_4928_0x18D1C125150> V1 Observer attempting to join bus: SSAS:IdentityPlugin
#0(I)[2023-06-14 19:45:06,039]{1}<MessageBus_4928_0x18D1C125150> PipeEndpoint::Connect on handle 1488.
#0(D)[2023-06-14 19:45:06,039]{1}<MessageBus_4928_0x18D1C125150> PipeEndpointConnectorTask pipe connected.
#0(D)[2023-06-14 19:45:06,039]{2}<MessageBus_4928_0x18D1C125150> PerformConnectCompletion on handle 1488 calling OnPipeConnect, issuing PerformRead.
#0(I)[2023-06-14 19:45:06,039]{2}<MessageBus_4928_0x18D1C125150> Pipe connected to Broadcast process 4928.
#0(I)[2023-06-14 19:45:06,039]{2}<MessageBus_4928_0x18D1C125150> rejoinObserverV1: SSAS:MdnsPlugin
#0(I)[2023-06-14 19:45:06,039]{2}<MessageBus_4928_0x18D1C125150> rejoinObserverV1: SSAS:NvStreamControl
#0(I)[2023-06-14 19:45:06,039]{2}<MessageBus_4928_0x18D1C125150> rejoinObserverV1: SSAS:IdentityPlugin
#0(I)[2023-06-14 19:45:06,039]{2}<MessageBus_4928_0x18D1C125150> SSAS:MdnsPlugin joined the Broadcaster.
#0(I)[2023-06-14 19:45:06,039]{2}<MessageBus_4928_0x18D1C125150> SSAS:NvStreamControl joined the Broadcaster.
#0(I)[2023-06-14 19:45:06,039]{2}<MessageBus_4928_0x18D1C125150> SSAS:IdentityPlugin joined the Broadcaster.
#0(I)[2023-06-14 19:45:08,188]{0}<MessageBus_4928_0x18D1C125150> V1 Observer attempting to join bus: SWC:ShieldWirelessController
#0(I)[2023-06-14 19:45:08,188]{2}<MessageBus_4928_0x18D1C125150> SWC:ShieldWirelessController joined the Broadcaster.
#0(W)[2023-06-15 10:54:05,525]{2}<MessageBus_4928_0x18D1C125150> PerformReadCompletion on handle 1488 read error: 109
#0(D)[2023-06-15 10:54:05,528]{2}<MessageBus_4928_0x18D1C125150> PerformDisconnectCompletion on handle 1488 for status 109 with pendingCount remaining: 0.
#0(D)[2023-06-15 10:54:05,528]{2}<MessageBus_4928_0x18D1C125150> PerformDisconnectCompletion on handle 1488 calling OnPipeDisconnect.
#0(I)[2023-06-15 10:54:05,528]{2}<MessageBus_4928_0x18D1C125150> Pipe Disconnect (109) from Broadcaster.
#0(I)[2023-06-15 10:54:05,528]{2}<MessageBus_4928_0x18D1C125150> Notifying peers of disconnect from Broadcaster.
#0(D)[2023-06-15 10:54:05,529]{2}<MessageBus_4928_0x18D1C125150> PipeEndpoint::Disconnect done for handle 1488.
#0(D)[2023-06-15 10:54:05,535]{2}<MessageBus_4928_0x18D1C125150> PerformDisconnectCompletion on handle 1488 for status 1223 with pendingCount remaining: 0.
#0(D)[2023-06-15 10:54:05,535]{2}<MessageBus_4928_0x18D1C125150> PerformDisconnectCompletion OnPipeDisconnect already called, skipping.
#0(I)[2023-06-15 16:13:07,857]{1}<MessageBus_4928_0x18D1C125150> PipeEndpoint::Connect on handle 2472.
#0(D)[2023-06-15 16:13:07,857]{1}<MessageBus_4928_0x18D1C125150> PipeEndpointConnectorTask pipe connected.
#0(D)[2023-06-15 16:13:07,876]{2}<MessageBus_4928_0x18D1C125150> PerformConnectCompletion on handle 2472 calling OnPipeConnect, issuing PerformRead.
#0(I)[2023-06-15 16:13:07,876]{2}<MessageBus_4928_0x18D1C125150> Pipe connected to Broadcast process 4928.
#0(I)[2023-06-15 16:13:07,876]{2}<MessageBus_4928_0x18D1C125150> rejoinObserverV1: SSAS:MdnsPlugin
#0(I)[2023-06-15 16:13:07,876]{2}<MessageBus_4928_0x18D1C125150> rejoinObserverV1: SSAS:NvStreamControl
#0(I)[2023-06-15 16:13:07,876]{2}<MessageBus_4928_0x18D1C125150> rejoinObserverV1: SSAS:IdentityPlugin
#0(I)[2023-06-15 16:13:07,876]{2}<MessageBus_4928_0x18D1C125150> rejoinObserverV1: SWC:ShieldWirelessController
#0(I)[2023-06-15 16:13:07,897]{2}<MessageBus_4928_0x18D1C125150> SSAS:MdnsPlugin joined the Broadcaster.
#0(I)[2023-06-15 16:13:07,898]{2}<MessageBus_4928_0x18D1C125150> SSAS:NvStreamControl joined the Broadcaster.
#0(I)[2023-06-15 16:13:07,898]{2}<MessageBus_4928_0x18D1C125150> SSAS:IdentityPlugin joined the Broadcaster.
#0(I)[2023-06-15 16:13:07,898]{2}<MessageBus_4928_0x18D1C125150> SWC:ShieldWirelessController joined the Broadcaster.
#0(W)[2023-06-15 18:03:22,830]{2}<MessageBus_4928_0x18D1C125150> PerformReadCompletion on handle 2472 read error: 109
#0(D)[2023-06-15 18:03:22,830]{2}<MessageBus_4928_0x18D1C125150> PerformDisconnectCompletion on handle 2472 for status 109 with pendingCount remaining: 0.
#0(D)[2023-06-15 18:03:22,830]{2}<MessageBus_4928_0x18D1C125150> PerformDisconnectCompletion on handle 2472 calling OnPipeDisconnect.
#0(I)[2023-06-15 18:03:22,830]{2}<MessageBus_4928_0x18D1C125150> Pipe Disconnect (109) from Broadcaster.
#0(I)[2023-06-15 18:03:22,830]{2}<MessageBus_4928_0x18D1C125150> Notifying peers of disconnect from Broadcaster.
#0(D)[2023-06-15 18:03:22,830]{2}<MessageBus_4928_0x18D1C125150> PipeEndpoint::Disconnect done for handle 2472.
#0(D)[2023-06-15 18:03:22,845]{2}<MessageBus_4928_0x18D1C125150> PerformDisconnectCompletion on handle 2472 for status 1223 with pendingCount remaining: 0.
#0(D)[2023-06-15 18:03:22,845]{2}<MessageBus_4928_0x18D1C125150> PerformDisconnectCompletion OnPipeDisconnect already called, skipping.
#0(I)[2023-06-15 23:11:16,892]{1}<MessageBus_4928_0x18D1C125150> PipeEndpoint::Connect on handle 4116.
#0(D)[2023-06-15 23:11:16,892]{1}<MessageBus_4928_0x18D1C125150> PipeEndpointConnectorTask pipe connected.
#0(D)[2023-06-15 23:11:16,900]{2}<MessageBus_4928_0x18D1C125150> PerformConnectCompletion on handle 4116 calling OnPipeConnect, issuing PerformRead.
#0(I)[2023-06-15 23:11:16,900]{2}<MessageBus_4928_0x18D1C125150> Pipe connected to Broadcast process 4928.
#0(I)[2023-06-15 23:11:16,900]{2}<MessageBus_4928_0x18D1C125150> rejoinObserverV1: SSAS:MdnsPlugin
#0(I)[2023-06-15 23:11:16,900]{2}<MessageBus_4928_0x18D1C125150> rejoinObserverV1: SSAS:NvStreamControl
#0(I)[2023-06-15 23:11:16,900]{2}<MessageBus_4928_0x18D1C125150> rejoinObserverV1: SSAS:IdentityPlugin
#0(I)[2023-06-15 23:11:16,900]{2}<MessageBus_4928_0x18D1C125150> rejoinObserverV1: SWC:ShieldWirelessController
#0(I)[2023-06-15 23:11:16,900]{2}<MessageBus_4928_0x18D1C125150> SSAS:MdnsPlugin joined the Broadcaster.
#0(I)[2023-06-15 23:11:16,901]{2}<MessageBus_4928_0x18D1C125150> SSAS:NvStreamControl joined the Broadcaster.
#0(I)[2023-06-15 23:11:16,902]{2}<MessageBus_4928_0x18D1C125150> SSAS:IdentityPlugin joined the Broadcaster.
#0(I)[2023-06-15 23:11:16,902]{2}<MessageBus_4928_0x18D1C125150> SWC:ShieldWirelessController joined the Broadcaster.
#0(W)[2023-06-16 09:44:39,701]{2}<MessageBus_4928_0x18D1C125150> PerformReadCompletion on handle 4116 read error: 109
#0(D)[2023-06-16 09:44:39,703]{2}<MessageBus_4928_0x18D1C125150> PerformDisconnectCompletion on handle 4116 for status 109 with pendingCount remaining: 0.
#0(D)[2023-06-16 09:44:39,703]{2}<MessageBus_4928_0x18D1C125150> PerformDisconnectCompletion on handle 4116 calling OnPipeDisconnect.
#0(I)[2023-06-16 09:44:39,703]{2}<MessageBus_4928_0x18D1C125150> Pipe Disconnect (109) from Broadcaster.
#0(I)[2023-06-16 09:44:39,703]{2}<MessageBus_4928_0x18D1C125150> Notifying peers of disconnect from Broadcaster.
#0(D)[2023-06-16 09:44:39,703]{2}<MessageBus_4928_0x18D1C125150> PipeEndpoint::Disconnect done for handle 4116.
#0(D)[2023-06-16 09:44:39,717]{2}<MessageBus_4928_0x18D1C125150> PerformDisconnectCompletion on handle 4116 for status 1223 with pendingCount remaining: 0.
#0(D)[2023-06-16 09:44:39,717]{2}<MessageBus_4928_0x18D1C125150> PerformDisconnectCompletion OnPipeDisconnect already called, skipping.
#0(I)[2023-06-16 14:27:15,915]{1}<MessageBus_4928_0x18D1C125150> PipeEndpoint::Connect on handle 4016.
#0(D)[2023-06-16 14:27:15,915]{1}<MessageBus_4928_0x18D1C125150> PipeEndpointConnectorTask pipe connected.
#0(D)[2023-06-16 14:27:15,917]{2}<MessageBus_4928_0x18D1C125150> PerformConnectCompletion on handle 4016 calling OnPipeConnect, issuing PerformRead.
#0(I)[2023-06-16 14:27:15,917]{2}<MessageBus_4928_0x18D1C125150> Pipe connected to Broadcast process 4928.
#0(I)[2023-06-16 14:27:15,917]{2}<MessageBus_4928_0x18D1C125150> rejoinObserverV1: SSAS:MdnsPlugin
#0(I)[2023-06-16 14:27:15,917]{2}<MessageBus_4928_0x18D1C125150> rejoinObserverV1: SSAS:NvStreamControl
#0(I)[2023-06-16 14:27:15,917]{2}<MessageBus_4928_0x18D1C125150> rejoinObserverV1: SSAS:IdentityPlugin
#0(I)[2023-06-16 14:27:15,917]{2}<MessageBus_4928_0x18D1C125150> rejoinObserverV1: SWC:ShieldWirelessController
#0(I)[2023-06-16 14:27:15,917]{2}<MessageBus_4928_0x18D1C125150> SSAS:MdnsPlugin joined the Broadcaster.
#0(I)[2023-06-16 14:27:15,918]{2}<MessageBus_4928_0x18D1C125150> SSAS:NvStreamControl joined the Broadcaster.
#0(I)[2023-06-16 14:27:15,919]{2}<MessageBus_4928_0x18D1C125150> SSAS:IdentityPlugin joined the Broadcaster.
#0(I)[2023-06-16 14:27:15,919]{2}<MessageBus_4928_0x18D1C125150> SWC:ShieldWirelessController joined the Broadcaster.
#0(W)[2023-06-17 05:35:23,850]{2}<MessageBus_4928_0x18D1C125150> PerformReadCompletion on handle 4016 read error: 109
#0(D)[2023-06-17 05:35:23,852]{2}<MessageBus_4928_0x18D1C125150> PerformDisconnectCompletion on handle 4016 for status 109 with pendingCount remaining: 0.
#0(D)[2023-06-17 05:35:23,852]{2}<MessageBus_4928_0x18D1C125150> PerformDisconnectCompletion on handle 4016 calling OnPipeDisconnect.
#0(I)[2023-06-17 05:35:23,852]{2}<MessageBus_4928_0x18D1C125150> Pipe Disconnect (109) from Broadcaster.
#0(I)[2023-06-17 05:35:23,852]{2}<MessageBus_4928_0x18D1C125150> Notifying peers of disconnect from Broadcaster.
#0(D)[2023-06-17 05:35:23,853]{2}<MessageBus_4928_0x18D1C125150> PipeEndpoint::Disconnect done for handle 4016.
#0(D)[2023-06-17 05:35:23,866]{2}<MessageBus_4928_0x18D1C125150> PerformDisconnectCompletion on handle 4016 for status 1223 with pendingCount remaining: 0.
#0(D)[2023-06-17 05:35:23,866]{2}<MessageBus_4928_0x18D1C125150> PerformDisconnectCompletion OnPipeDisconnect already called, skipping.
#0(I)[2023-06-17 16:00:19,825]{1}<MessageBus_4928_0x18D1C125150> PipeEndpoint::Connect on handle 5176.
#0(D)[2023-06-17 16:00:19,825]{1}<MessageBus_4928_0x18D1C125150> PipeEndpointConnectorTask pipe connected.
#0(D)[2023-06-17 16:00:19,834]{2}<MessageBus_4928_0x18D1C125150> PerformConnectCompletion on handle 5176 calling OnPipeConnect, issuing PerformRead.
#0(I)[2023-06-17 16:00:19,834]{2}<MessageBus_4928_0x18D1C125150> Pipe connected to Broadcast process 4928.
#0(I)[2023-06-17 16:00:19,834]{2}<MessageBus_4928_0x18D1C125150> rejoinObserverV1: SSAS:MdnsPlugin
#0(I)[2023-06-17 16:00:19,834]{2}<MessageBus_4928_0x18D1C125150> rejoinObserverV1: SSAS:NvStreamControl
#0(I)[2023-06-17 16:00:19,834]{2}<MessageBus_4928_0x18D1C125150> rejoinObserverV1: SSAS:IdentityPlugin
#0(I)[2023-06-17 16:00:19,835]{2}<MessageBus_4928_0x18D1C125150> rejoinObserverV1: SWC:ShieldWirelessController
#0(I)[2023-06-17 16:00:19,851]{2}<MessageBus_4928_0x18D1C125150> SSAS:MdnsPlugin joined the Broadcaster.
#0(I)[2023-06-17 16:00:19,851]{2}<MessageBus_4928_0x18D1C125150> SSAS:NvStreamControl joined the Broadcaster.
#0(I)[2023-06-17 16:00:19,853]{2}<MessageBus_4928_0x18D1C125150> SSAS:IdentityPlugin joined the Broadcaster.
#0(I)[2023-06-17 16:00:19,853]{2}<MessageBus_4928_0x18D1C125150> SWC:ShieldWirelessController joined the Broadcaster.
#0(W)[2023-06-18 13:04:17,621]{2}<MessageBus_4928_0x18D1C125150> PerformReadCompletion on handle 5176 read error: 109
#0(W)[2023-06-18 13:04:17,623]{0}<MessageBus_4928_0x18D1C125150> PipeEndpoint::PerformWrite WriteFile for handle 5176 lastError: 232
#0(W)[2023-06-18 13:04:17,623]{0}<MessageBus_4928_0x18D1C125150> PipeEndpoint Write key 70 on handle 5176 of size 84 failed.
#0(E)[2023-06-18 13:04:17,623]{0}<MessageBus_4928_0x18D1C125150> failed to post message!
#0(D)[2023-06-18 13:04:17,623]{2}<MessageBus_4928_0x18D1C125150> PerformDisconnectCompletion on handle 5176 for status 109 with pendingCount remaining: 0.
#0(D)[2023-06-18 13:04:17,623]{2}<MessageBus_4928_0x18D1C125150> PerformDisconnectCompletion on handle 5176 calling OnPipeDisconnect.
#0(I)[2023-06-18 13:04:17,623]{2}<MessageBus_4928_0x18D1C125150> Pipe Disconnect (232) from Broadcaster.
#0(I)[2023-06-18 13:04:17,623]{2}<MessageBus_4928_0x18D1C125150> Notifying peers of disconnect from Broadcaster.
#0(D)[2023-06-18 13:04:17,624]{2}<MessageBus_4928_0x18D1C125150> PipeEndpoint::Disconnect done for handle 5176.
#0(D)[2023-06-18 13:04:17,638]{2}<MessageBus_4928_0x18D1C125150> PerformDisconnectCompletion on handle 5176 for status 1223 with pendingCount remaining: 1.
#0(D)[2023-06-18 13:04:17,638]{2}<MessageBus_4928_0x18D1C125150> PerformDisconnectCompletion on handle 5176 for status 1223 with pendingCount remaining: 0.
#0(D)[2023-06-18 13:04:17,638]{2}<MessageBus_4928_0x18D1C125150> PerformDisconnectCompletion OnPipeDisconnect already called, skipping.
#0(I)[2023-06-18 17:06:59,830]{1}<MessageBus_4928_0x18D1C125150> PipeEndpoint::Connect on handle 4320.
#0(D)[2023-06-18 17:06:59,830]{1}<MessageBus_4928_0x18D1C125150> PipeEndpointConnectorTask pipe connected.
#0(D)[2023-06-18 17:06:59,846]{2}<MessageBus_4928_0x18D1C125150> PerformConnectCompletion on handle 4320 calling OnPipeConnect, issuing PerformRead.
#0(I)[2023-06-18 17:06:59,846]{2}<MessageBus_4928_0x18D1C125150> Pipe connected to Broadcast process 4928.
#0(I)[2023-06-18 17:06:59,846]{2}<MessageBus_4928_0x18D1C125150> rejoinObserverV1: SSAS:MdnsPlugin
#0(I)[2023-06-18 17:06:59,847]{2}<MessageBus_4928_0x18D1C125150> rejoinObserverV1: SSAS:NvStreamControl
#0(I)[2023-06-18 17:06:59,847]{2}<MessageBus_4928_0x18D1C125150> rejoinObserverV1: SSAS:IdentityPlugin
#0(I)[2023-06-18 17:06:59,847]{2}<MessageBus_4928_0x18D1C125150> rejoinObserverV1: SWC:ShieldWirelessController
#0(I)[2023-06-18 17:06:59,847]{2}<MessageBus_4928_0x18D1C125150> SSAS:MdnsPlugin joined the Broadcaster.
#0(I)[2023-06-18 17:06:59,847]{2}<MessageBus_4928_0x18D1C125150> SSAS:NvStreamControl joined the Broadcaster.
#0(I)[2023-06-18 17:06:59,847]{2}<MessageBus_4928_0x18D1C125150> SSAS:IdentityPlugin joined the Broadcaster.
#0(I)[2023-06-18 17:06:59,847]{2}<MessageBus_4928_0x18D1C125150> SWC:ShieldWirelessController joined the Broadcaster.
#0(W)[2023-06-19 12:52:18,787]{2}<MessageBus_4928_0x18D1C125150> PerformReadCompletion on handle 4320 read error: 109
#0(D)[2023-06-19 12:52:18,787]{2}<MessageBus_4928_0x18D1C125150> PerformDisconnectCompletion on handle 4320 for status 109 with pendingCount remaining: 0.
#0(D)[2023-06-19 12:52:18,787]{2}<MessageBus_4928_0x18D1C125150> PerformDisconnectCompletion on handle 4320 calling OnPipeDisconnect.
#0(I)[2023-06-19 12:52:18,787]{2}<MessageBus_4928_0x18D1C125150> Pipe Disconnect (109) from Broadcaster.
#0(I)[2023-06-19 12:52:18,788]{2}<MessageBus_4928_0x18D1C125150> Notifying peers of disconnect from Broadcaster.
#0(D)[2023-06-19 12:52:18,788]{2}<MessageBus_4928_0x18D1C125150> PipeEndpoint::Disconnect done for handle 4320.
#0(D)[2023-06-19 12:52:18,802]{2}<MessageBus_4928_0x18D1C125150> PerformDisconnectCompletion on handle 4320 for status 1223 with pendingCount remaining: 0.
#0(D)[2023-06-19 12:52:18,802]{2}<MessageBus_4928_0x18D1C125150> PerformDisconnectCompletion OnPipeDisconnect already called, skipping.
#0(I)[2023-06-19 21:18:42,831]{1}<MessageBus_4928_0x18D1C125150> PipeEndpoint::Connect on handle 9704.
#0(D)[2023-06-19 21:18:42,831]{1}<MessageBus_4928_0x18D1C125150> PipeEndpointConnectorTask pipe connected.
#0(D)[2023-06-19 21:18:42,850]{2}<MessageBus_4928_0x18D1C125150> PerformConnectCompletion on handle 9704 calling OnPipeConnect, issuing PerformRead.
#0(I)[2023-06-19 21:18:42,851]{2}<MessageBus_4928_0x18D1C125150> Pipe connected to Broadcast process 4928.
#0(I)[2023-06-19 21:18:42,851]{2}<MessageBus_4928_0x18D1C125150> rejoinObserverV1: SSAS:MdnsPlugin
#0(I)[2023-06-19 21:18:42,851]{2}<MessageBus_4928_0x18D1C125150> rejoinObserverV1: SSAS:NvStreamControl
#0(I)[2023-06-19 21:18:42,851]{2}<MessageBus_4928_0x18D1C125150> rejoinObserverV1: SSAS:IdentityPlugin
#0(I)[2023-06-19 21:18:42,851]{2}<MessageBus_4928_0x18D1C125150> rejoinObserverV1: SWC:ShieldWirelessController
#0(I)[2023-06-19 21:18:42,851]{2}<MessageBus_4928_0x18D1C125150> SSAS:MdnsPlugin joined the Broadcaster.
#0(I)[2023-06-19 21:18:42,851]{2}<MessageBus_4928_0x18D1C125150> SSAS:NvStreamControl joined the Broadcaster.
#0(I)[2023-06-19 21:18:42,852]{2}<MessageBus_4928_0x18D1C125150> SSAS:IdentityPlugin joined the Broadcaster.
#0(I)[2023-06-19 21:18:42,852]{2}<MessageBus_4928_0x18D1C125150> SWC:ShieldWirelessController joined the Broadcaster.
#0(W)[2023-06-20 09:12:25,610]{2}<MessageBus_4928_0x18D1C125150> PerformReadCompletion on handle 9704 read error: 109
#0(D)[2023-06-20 09:12:25,610]{2}<MessageBus_4928_0x18D1C125150> PerformDisconnectCompletion on handle 9704 for status 109 with pendingCount remaining: 0.
#0(D)[2023-06-20 09:12:25,610]{2}<MessageBus_4928_0x18D1C125150> PerformDisconnectCompletion on handle 9704 calling OnPipeDisconnect.
#0(I)[2023-06-20 09:12:25,610]{2}<MessageBus_4928_0x18D1C125150> Pipe Disconnect (109) from Broadcaster.
#0(I)[2023-06-20 09:12:25,610]{2}<MessageBus_4928_0x18D1C125150> Notifying peers of disconnect from Broadcaster.
#0(D)[2023-06-20 09:12:25,610]{2}<MessageBus_4928_0x18D1C125150> PipeEndpoint::Disconnect done for handle 9704.
#0(D)[2023-06-20 09:12:25,625]{2}<MessageBus_4928_0x18D1C125150> PerformDisconnectCompletion on handle 9704 for status 1223 with pendingCount remaining: 0.
#0(D)[2023-06-20 09:12:25,626]{2}<MessageBus_4928_0x18D1C125150> PerformDisconnectCompletion OnPipeDisconnect already called, skipping.
#0(D)[2023-06-20 09:12:25,626]{0}<MessageBus_4928_0x18D1C125150> PipeEndpoint::PerformWrite disconnect requested, disallow further WRITE operations.
#0(W)[2023-06-20 09:12:25,626]{0}<MessageBus_4928_0x18D1C125150> PipeEndpoint Write key 98 on handle 9704 of size 84 failed.
#0(E)[2023-06-20 09:12:25,626]{0}<MessageBus_4928_0x18D1C125150> failed to post message!
#0(I)[2023-06-20 15:42:29,175]{1}<MessageBus_4928_0x18D1C125150> PipeEndpoint::Connect on handle 10020.
#0(D)[2023-06-20 15:42:29,175]{1}<MessageBus_4928_0x18D1C125150> PipeEndpointConnectorTask pipe connected.
#0(D)[2023-06-20 15:42:29,183]{2}<MessageBus_4928_0x18D1C125150> PerformConnectCompletion on handle 10020 calling OnPipeConnect, issuing PerformRead.
#0(I)[2023-06-20 15:42:29,183]{2}<MessageBus_4928_0x18D1C125150> Pipe connected to Broadcast process 4928.
#0(I)[2023-06-20 15:42:29,183]{2}<MessageBus_4928_0x18D1C125150> rejoinObserverV1: SSAS:MdnsPlugin
#0(I)[2023-06-20 15:42:29,183]{2}<MessageBus_4928_0x18D1C125150> rejoinObserverV1: SSAS:NvStreamControl
#0(I)[2023-06-20 15:42:29,184]{2}<MessageBus_4928_0x18D1C125150> rejoinObserverV1: SSAS:IdentityPlugin
#0(I)[2023-06-20 15:42:29,184]{2}<MessageBus_4928_0x18D1C125150> rejoinObserverV1: SWC:ShieldWirelessController
#0(I)[2023-06-20 15:42:29,184]{2}<MessageBus_4928_0x18D1C125150> SSAS:MdnsPlugin joined the Broadcaster.
#0(I)[2023-06-20 15:42:29,185]{2}<MessageBus_4928_0x18D1C125150> SSAS:NvStreamControl joined the Broadcaster.
#0(I)[2023-06-20 15:42:29,185]{2}<MessageBus_4928_0x18D1C125150> SSAS:IdentityPlugin joined the Broadcaster.
#0(I)[2023-06-20 15:42:29,185]{2}<MessageBus_4928_0x18D1C125150> SWC:ShieldWirelessController joined the Broadcaster.
#0(W)[2023-06-20 18:51:43,785]{2}<MessageBus_4928_0x18D1C125150> PerformReadCompletion on handle 10020 read error: 109
#0(D)[2023-06-20 18:51:43,786]{2}<MessageBus_4928_0x18D1C125150> PerformDisconnectCompletion on handle 10020 for status 109 with pendingCount remaining: 0.
#0(D)[2023-06-20 18:51:43,786]{2}<MessageBus_4928_0x18D1C125150> PerformDisconnectCompletion on handle 10020 calling OnPipeDisconnect.
#0(I)[2023-06-20 18:51:43,786]{2}<MessageBus_4928_0x18D1C125150> Pipe Disconnect (109) from Broadcaster.
#0(W)[2023-06-20 18:51:43,786]{0}<MessageBus_4928_0x18D1C125150> PipeEndpoint::PerformWrite WriteFile for handle 10020 lastError: 232
#0(W)[2023-06-20 18:51:43,786]{0}<MessageBus_4928_0x18D1C125150> PipeEndpoint Write key 112 on handle 10020 of size 84 failed.
#0(E)[2023-06-20 18:51:43,786]{0}<MessageBus_4928_0x18D1C125150> failed to post message!
#0(I)[2023-06-20 18:51:43,786]{2}<MessageBus_4928_0x18D1C125150> Notifying peers of disconnect from Broadcaster.
#0(D)[2023-06-20 18:51:43,786]{2}<MessageBus_4928_0x18D1C125150> PipeEndpoint::Disconnect done for handle 10020.
#0(D)[2023-06-20 18:51:43,799]{2}<MessageBus_4928_0x18D1C125150> PerformDisconnectCompletion on handle 10020 for status 1223 with pendingCount remaining: 1.
#0(D)[2023-06-20 18:51:43,799]{2}<MessageBus_4928_0x18D1C125150> PerformDisconnectCompletion on handle 10020 for status 1223 with pendingCount remaining: 0.
#0(D)[2023-06-20 18:51:43,799]{2}<MessageBus_4928_0x18D1C125150> PerformDisconnectCompletion OnPipeDisconnect already called, skipping.
#0(I)[2023-06-20 22:16:16,809]{1}<MessageBus_4928_0x18D1C125150> PipeEndpoint::Connect on handle 6200.
#0(D)[2023-06-20 22:16:16,809]{1}<MessageBus_4928_0x18D1C125150> PipeEndpointConnectorTask pipe connected.
#0(D)[2023-06-20 22:16:16,824]{2}<MessageBus_4928_0x18D1C125150> PerformConnectCompletion on handle 6200 calling OnPipeConnect, issuing PerformRead.
#0(I)[2023-06-20 22:16:16,824]{2}<MessageBus_4928_0x18D1C125150> Pipe connected to Broadcast process 4928.
#0(I)[2023-06-20 22:16:16,824]{2}<MessageBus_4928_0x18D1C125150> rejoinObserverV1: SSAS:MdnsPlugin
#0(I)[2023-06-20 22:16:16,824]{2}<MessageBus_4928_0x18D1C125150> rejoinObserverV1: SSAS:NvStreamControl
#0(I)[2023-06-20 22:16:16,824]{2}<MessageBus_4928_0x18D1C125150> rejoinObserverV1: SSAS:IdentityPlugin
#0(I)[2023-06-20 22:16:16,824]{2}<MessageBus_4928_0x18D1C125150> rejoinObserverV1: SWC:ShieldWirelessController
#0(I)[2023-06-20 22:16:16,824]{2}<MessageBus_4928_0x18D1C125150> SSAS:MdnsPlugin joined the Broadcaster.
#0(I)[2023-06-20 22:16:16,824]{2}<MessageBus_4928_0x18D1C125150> SSAS:NvStreamControl joined the Broadcaster.
#0(I)[2023-06-20 22:16:16,824]{2}<MessageBus_4928_0x18D1C125150> SSAS:IdentityPlugin joined the Broadcaster.
#0(I)[2023-06-20 22:16:16,824]{2}<MessageBus_4928_0x18D1C125150> SWC:ShieldWirelessController joined the Broadcaster.
#0(W)[2023-06-21 14:42:50,769]{2}<MessageBus_4928_0x18D1C125150> PerformReadCompletion on handle 6200 read error: 109
#0(D)[2023-06-21 14:42:50,770]{2}<MessageBus_4928_0x18D1C125150> PerformDisconnectCompletion on handle 6200 for status 109 with pendingCount remaining: 0.
#0(D)[2023-06-21 14:42:50,770]{2}<MessageBus_4928_0x18D1C125150> PerformDisconnectCompletion on handle 6200 calling OnPipeDisconnect.
#0(I)[2023-06-21 14:42:50,770]{2}<MessageBus_4928_0x18D1C125150> Pipe Disconnect (109) from Broadcaster.
#0(I)[2023-06-21 14:42:50,771]{2}<MessageBus_4928_0x18D1C125150> Notifying peers of disconnect from Broadcaster.
#0(D)[2023-06-21 14:42:50,771]{2}<MessageBus_4928_0x18D1C125150> PipeEndpoint::Disconnect done for handle 6200.
#0(D)[2023-06-21 14:42:50,784]{2}<MessageBus_4928_0x18D1C125150> PerformDisconnectCompletion on handle 6200 for status 1223 with pendingCount remaining: 0.
#0(D)[2023-06-21 14:42:50,784]{2}<MessageBus_4928_0x18D1C125150> PerformDisconnectCompletion OnPipeDisconnect already called, skipping.
#0(I)[2023-06-21 21:40:23,869]{1}<MessageBus_4928_0x18D1C125150> PipeEndpoint::Connect on handle 11052.
#0(D)[2023-06-21 21:40:23,869]{1}<MessageBus_4928_0x18D1C125150> PipeEndpointConnectorTask pipe connected.
#0(D)[2023-06-21 21:40:23,877]{2}<MessageBus_4928_0x18D1C125150> PerformConnectCompletion on handle 11052 calling OnPipeConnect, issuing PerformRead.
#0(I)[2023-06-21 21:40:23,877]{2}<MessageBus_4928_0x18D1C125150> Pipe connected to Broadcast process 4928.
#0(I)[2023-06-21 21:40:23,877]{2}<MessageBus_4928_0x18D1C125150> rejoinObserverV1: SSAS:MdnsPlugin
#0(I)[2023-06-21 21:40:23,877]{2}<MessageBus_4928_0x18D1C125150> rejoinObserverV1: SSAS:NvStreamControl
#0(I)[2023-06-21 21:40:23,877]{2}<MessageBus_4928_0x18D1C125150> rejoinObserverV1: SSAS:IdentityPlugin
#0(I)[2023-06-21 21:40:23,877]{2}<MessageBus_4928_0x18D1C125150> rejoinObserverV1: SWC:ShieldWirelessController
#0(I)[2023-06-21 21:40:23,878]{2}<MessageBus_4928_0x18D1C125150> SSAS:MdnsPlugin joined the Broadcaster.
#0(I)[2023-06-21 21:40:23,878]{2}<MessageBus_4928_0x18D1C125150> SSAS:NvStreamControl joined the Broadcaster.
#0(I)[2023-06-21 21:40:23,878]{2}<MessageBus_4928_0x18D1C125150> SSAS:IdentityPlugin joined the Broadcaster.
#0(I)[2023-06-21 21:40:23,879]{2}<MessageBus_4928_0x18D1C125150> SWC:ShieldWirelessController joined the Broadcaster.
#0(W)[2023-06-22 15:54:56,185]{2}<MessageBus_4928_0x18D1C125150> PerformReadCompletion on handle 11052 read error: 109
#0(D)[2023-06-22 15:54:56,186]{2}<MessageBus_4928_0x18D1C125150> PerformDisconnectCompletion on handle 11052 for status 109 with pendingCount remaining: 0.
#0(D)[2023-06-22 15:54:56,186]{2}<MessageBus_4928_0x18D1C125150> PerformDisconnectCompletion on handle 11052 calling OnPipeDisconnect.
#0(I)[2023-06-22 15:54:56,186]{2}<MessageBus_4928_0x18D1C125150> Pipe Disconnect (109) from Broadcaster.
#0(I)[2023-06-22 15:54:56,186]{2}<MessageBus_4928_0x18D1C125150> Notifying peers of disconnect from Broadcaster.
#0(D)[2023-06-22 15:54:56,186]{2}<MessageBus_4928_0x18D1C125150> PipeEndpoint::Disconnect done for handle 11052.
#0(D)[2023-06-22 15:54:56,198]{2}<MessageBus_4928_0x18D1C125150> PerformDisconnectCompletion on handle 11052 for status 1223 with pendingCount remaining: 0.
#0(D)[2023-06-22 15:54:56,198]{2}<MessageBus_4928_0x18D1C125150> PerformDisconnectCompletion OnPipeDisconnect already called, skipping.
#0(I)[2023-06-23 00:14:02,813]{1}<MessageBus_4928_0x18D1C125150> PipeEndpoint::Connect on handle 15512.
#0(D)[2023-06-23 00:14:02,813]{1}<MessageBus_4928_0x18D1C125150> PipeEndpointConnectorTask pipe connected.
#0(D)[2023-06-23 00:14:02,813]{2}<MessageBus_4928_0x18D1C125150> PerformConnectCompletion on handle 15512 calling OnPipeConnect, issuing PerformRead.
#0(I)[2023-06-23 00:14:02,813]{2}<MessageBus_4928_0x18D1C125150> Pipe connected to Broadcast process 4928.
#0(I)[2023-06-23 00:14:02,813]{2}<MessageBus_4928_0x18D1C125150> rejoinObserverV1: SSAS:MdnsPlugin
#0(I)[2023-06-23 00:14:02,813]{2}<MessageBus_4928_0x18D1C125150> rejoinObserverV1: SSAS:NvStreamControl
#0(I)[2023-06-23 00:14:02,813]{2}<MessageBus_4928_0x18D1C125150> rejoinObserverV1: SSAS:IdentityPlugin
#0(I)[2023-06-23 00:14:02,813]{2}<MessageBus_4928_0x18D1C125150> rejoinObserverV1: SWC:ShieldWirelessController
#0(I)[2023-06-23 00:14:02,814]{2}<MessageBus_4928_0x18D1C125150> SSAS:MdnsPlugin joined the Broadcaster.
#0(I)[2023-06-23 00:14:02,814]{2}<MessageBus_4928_0x18D1C125150> SSAS:NvStreamControl joined the Broadcaster.
#0(I)[2023-06-23 00:14:02,814]{2}<MessageBus_4928_0x18D1C125150> SSAS:IdentityPlugin joined the Broadcaster.
#0(I)[2023-06-23 00:14:02,814]{2}<MessageBus_4928_0x18D1C125150> SWC:ShieldWirelessController joined the Broadcaster.
#0(W)[2023-06-23 14:59:26,895]{2}<MessageBus_4928_0x18D1C125150> PerformReadCompletion on handle 15512 read error: 109
#0(D)[2023-06-23 14:59:26,895]{2}<MessageBus_4928_0x18D1C125150> PerformDisconnectCompletion on handle 15512 for status 109 with pendingCount remaining: 0.
#0(D)[2023-06-23 14:59:26,895]{2}<MessageBus_4928_0x18D1C125150> PerformDisconnectCompletion on handle 15512 calling OnPipeDisconnect.
#0(I)[2023-06-23 14:59:26,895]{2}<MessageBus_4928_0x18D1C125150> Pipe Disconnect (109) from Broadcaster.
#0(I)[2023-06-23 14:59:26,895]{2}<MessageBus_4928_0x18D1C125150> Notifying peers of disconnect from Broadcaster.
#0(D)[2023-06-23 14:59:26,896]{2}<MessageBus_4928_0x18D1C125150> PipeEndpoint::Disconnect done for handle 15512.
#0(D)[2023-06-23 14:59:26,909]{2}<MessageBus_4928_0x18D1C125150> PerformDisconnectCompletion on handle 15512 for status 1223 with pendingCount remaining: 0.
#0(D)[2023-06-23 14:59:26,909]{2}<MessageBus_4928_0x18D1C125150> PerformDisconnectCompletion OnPipeDisconnect already called, skipping.
#0(I)[2023-06-23 23:03:48,818]{1}<MessageBus_4928_0x18D1C125150> PipeEndpoint::Connect on handle 17232.
#0(D)[2023-06-23 23:03:48,818]{1}<MessageBus_4928_0x18D1C125150> PipeEndpointConnectorTask pipe connected.
#0(D)[2023-06-23 23:03:48,818]{2}<MessageBus_4928_0x18D1C125150> PerformConnectCompletion on handle 17232 calling OnPipeConnect, issuing PerformRead.
#0(I)[2023-06-23 23:03:48,818]{2}<MessageBus_4928_0x18D1C125150> Pipe connected to Broadcast process 4928.
#0(I)[2023-06-23 23:03:48,818]{2}<MessageBus_4928_0x18D1C125150> rejoinObserverV1: SSAS:MdnsPlugin
#0(I)[2023-06-23 23:03:48,818]{2}<MessageBus_4928_0x18D1C125150> rejoinObserverV1: SSAS:NvStreamControl
#0(I)[2023-06-23 23:03:48,818]{2}<MessageBus_4928_0x18D1C125150> rejoinObserverV1: SSAS:IdentityPlugin
#0(I)[2023-06-23 23:03:48,818]{2}<MessageBus_4928_0x18D1C125150> rejoinObserverV1: SWC:ShieldWirelessController
#0(I)[2023-06-23 23:03:48,818]{2}<MessageBus_4928_0x18D1C125150> SSAS:MdnsPlugin joined the Broadcaster.
#0(I)[2023-06-23 23:03:48,818]{2}<MessageBus_4928_0x18D1C125150> SSAS:NvStreamControl joined the Broadcaster.
#0(I)[2023-06-23 23:03:48,819]{2}<MessageBus_4928_0x18D1C125150> SSAS:IdentityPlugin joined the Broadcaster.
#0(I)[2023-06-23 23:03:48,819]{2}<MessageBus_4928_0x18D1C125150> SWC:ShieldWirelessController joined the Broadcaster.
