#0(I)[2023-06-14 19:45:53,304]{0}<MessageBus_9644_0x292370FB5E0> Logger Initialized.
#0(I)[2023-06-14 19:45:53,304]{0}<MessageBus_9644_0x292370FB5E0> V1 Observer attempting to join bus: CrimsonNative:OverClockingNvc
#0(I)[2023-06-14 19:45:53,335]{1}<MessageBus_9644_0x292370FB5E0> PipeEndpoint::Connect on handle 1392.
#0(D)[2023-06-14 19:45:53,335]{1}<MessageBus_9644_0x292370FB5E0> PipeEndpointConnectorTask pipe connected.
#0(D)[2023-06-14 19:45:53,335]{2}<MessageBus_9644_0x292370FB5E0> PerformConnectCompletion on handle 1392 calling OnPipeConnect, issuing PerformRead.
#0(I)[2023-06-14 19:45:53,335]{2}<MessageBus_9644_0x292370FB5E0> Pipe connected to Broadcast process 4928.
#0(I)[2023-06-14 19:45:53,335]{2}<MessageBus_9644_0x292370FB5E0> rejoinObserverV1: CrimsonNative:OverClockingNvc
#0(I)[2023-06-14 19:45:53,335]{2}<MessageBus_9644_0x292370FB5E0> CrimsonNative:OverClockingNvc joined the Broadcaster.
#0(I)[2023-06-14 19:45:53,335]{0}<MessageBus_9644_0x292370FB5E0> V1 Observer attempting to join bus: CrimsonNative:OverClockingNvc
#0(W)[2023-06-15 10:54:05,525]{2}<MessageBus_9644_0x292370FB5E0> PerformReadCompletion on handle 1392 read error: 109
#0(D)[2023-06-15 10:54:05,526]{2}<MessageBus_9644_0x292370FB5E0> PerformDisconnectCompletion on handle 1392 for status 109 with pendingCount remaining: 0.
#0(D)[2023-06-15 10:54:05,526]{2}<MessageBus_9644_0x292370FB5E0> PerformDisconnectCompletion on handle 1392 calling OnPipeDisconnect.
#0(I)[2023-06-15 10:54:05,526]{2}<MessageBus_9644_0x292370FB5E0> Pipe Disconnect (109) from Broadcaster.
#0(I)[2023-06-15 10:54:05,526]{2}<MessageBus_9644_0x292370FB5E0> Notifying peers of disconnect from Broadcaster.
#0(D)[2023-06-15 10:54:05,527]{2}<MessageBus_9644_0x292370FB5E0> PipeEndpoint::Disconnect done for handle 1392.
#0(D)[2023-06-15 10:54:05,535]{2}<MessageBus_9644_0x292370FB5E0> PerformDisconnectCompletion on handle 1392 for status 1223 with pendingCount remaining: 0.
#0(D)[2023-06-15 10:54:05,535]{2}<MessageBus_9644_0x292370FB5E0> PerformDisconnectCompletion OnPipeDisconnect already called, skipping.
#0(I)[2023-06-15 16:13:07,857]{1}<MessageBus_9644_0x292370FB5E0> PipeEndpoint::Connect on handle 700.
#0(D)[2023-06-15 16:13:07,858]{1}<MessageBus_9644_0x292370FB5E0> PipeEndpointConnectorTask pipe connected.
#0(D)[2023-06-15 16:13:07,876]{2}<MessageBus_9644_0x292370FB5E0> PerformConnectCompletion on handle 700 calling OnPipeConnect, issuing PerformRead.
#0(I)[2023-06-15 16:13:07,876]{2}<MessageBus_9644_0x292370FB5E0> Pipe connected to Broadcast process 4928.
#0(I)[2023-06-15 16:13:07,876]{2}<MessageBus_9644_0x292370FB5E0> rejoinObserverV1: CrimsonNative:OverClockingNvc
#0(I)[2023-06-15 16:13:07,876]{2}<MessageBus_9644_0x292370FB5E0> rejoinObserverV1: CrimsonNative:OverClockingNvc
#0(I)[2023-06-15 16:13:07,897]{2}<MessageBus_9644_0x292370FB5E0> CrimsonNative:OverClockingNvc joined the Broadcaster.
#0(W)[2023-06-15 18:03:22,830]{2}<MessageBus_9644_0x292370FB5E0> PerformReadCompletion on handle 700 read error: 109
#0(D)[2023-06-15 18:03:22,830]{2}<MessageBus_9644_0x292370FB5E0> PerformDisconnectCompletion on handle 700 for status 109 with pendingCount remaining: 0.
#0(D)[2023-06-15 18:03:22,830]{2}<MessageBus_9644_0x292370FB5E0> PerformDisconnectCompletion on handle 700 calling OnPipeDisconnect.
#0(I)[2023-06-15 18:03:22,830]{2}<MessageBus_9644_0x292370FB5E0> Pipe Disconnect (109) from Broadcaster.
#0(I)[2023-06-15 18:03:22,830]{2}<MessageBus_9644_0x292370FB5E0> Notifying peers of disconnect from Broadcaster.
#0(D)[2023-06-15 18:03:22,831]{2}<MessageBus_9644_0x292370FB5E0> PipeEndpoint::Disconnect done for handle 700.
#0(D)[2023-06-15 18:03:22,845]{2}<MessageBus_9644_0x292370FB5E0> PerformDisconnectCompletion on handle 700 for status 1223 with pendingCount remaining: 0.
#0(D)[2023-06-15 18:03:22,845]{2}<MessageBus_9644_0x292370FB5E0> PerformDisconnectCompletion OnPipeDisconnect already called, skipping.
#0(I)[2023-06-15 23:11:16,847]{1}<MessageBus_9644_0x292370FB5E0> PipeEndpoint::Connect on handle 740.
#0(D)[2023-06-15 23:11:16,847]{1}<MessageBus_9644_0x292370FB5E0> PipeEndpointConnectorTask pipe connected.
#0(D)[2023-06-15 23:11:16,847]{2}<MessageBus_9644_0x292370FB5E0> PerformConnectCompletion on handle 740 calling OnPipeConnect, issuing PerformRead.
#0(I)[2023-06-15 23:11:16,847]{2}<MessageBus_9644_0x292370FB5E0> Pipe connected to Broadcast process 4928.
#0(I)[2023-06-15 23:11:16,847]{2}<MessageBus_9644_0x292370FB5E0> rejoinObserverV1: CrimsonNative:OverClockingNvc
#0(I)[2023-06-15 23:11:16,847]{2}<MessageBus_9644_0x292370FB5E0> rejoinObserverV1: CrimsonNative:OverClockingNvc
#0(I)[2023-06-15 23:11:16,857]{2}<MessageBus_9644_0x292370FB5E0> CrimsonNative:OverClockingNvc joined the Broadcaster.
#0(W)[2023-06-16 09:44:39,700]{2}<MessageBus_9644_0x292370FB5E0> PerformReadCompletion on handle 740 read error: 109
#0(D)[2023-06-16 09:44:39,702]{2}<MessageBus_9644_0x292370FB5E0> PerformDisconnectCompletion on handle 740 for status 109 with pendingCount remaining: 0.
#0(D)[2023-06-16 09:44:39,702]{2}<MessageBus_9644_0x292370FB5E0> PerformDisconnectCompletion on handle 740 calling OnPipeDisconnect.
#0(I)[2023-06-16 09:44:39,702]{2}<MessageBus_9644_0x292370FB5E0> Pipe Disconnect (109) from Broadcaster.
#0(I)[2023-06-16 09:44:39,702]{2}<MessageBus_9644_0x292370FB5E0> Notifying peers of disconnect from Broadcaster.
#0(D)[2023-06-16 09:44:39,703]{2}<MessageBus_9644_0x292370FB5E0> PipeEndpoint::Disconnect done for handle 740.
#0(D)[2023-06-16 09:44:39,717]{2}<MessageBus_9644_0x292370FB5E0> PerformDisconnectCompletion on handle 740 for status 1223 with pendingCount remaining: 0.
#0(D)[2023-06-16 09:44:39,717]{2}<MessageBus_9644_0x292370FB5E0> PerformDisconnectCompletion OnPipeDisconnect already called, skipping.
#0(I)[2023-06-16 14:27:15,860]{1}<MessageBus_9644_0x292370FB5E0> PipeEndpoint::Connect on handle 792.
#0(D)[2023-06-16 14:27:15,860]{1}<MessageBus_9644_0x292370FB5E0> PipeEndpointConnectorTask pipe connected.
#0(D)[2023-06-16 14:27:15,867]{2}<MessageBus_9644_0x292370FB5E0> PerformConnectCompletion on handle 792 calling OnPipeConnect, issuing PerformRead.
#0(I)[2023-06-16 14:27:15,867]{2}<MessageBus_9644_0x292370FB5E0> Pipe connected to Broadcast process 4928.
#0(I)[2023-06-16 14:27:15,867]{2}<MessageBus_9644_0x292370FB5E0> rejoinObserverV1: CrimsonNative:OverClockingNvc
#0(I)[2023-06-16 14:27:15,867]{2}<MessageBus_9644_0x292370FB5E0> rejoinObserverV1: CrimsonNative:OverClockingNvc
#0(I)[2023-06-16 14:27:15,874]{2}<MessageBus_9644_0x292370FB5E0> CrimsonNative:OverClockingNvc joined the Broadcaster.
#0(W)[2023-06-17 05:35:23,850]{2}<MessageBus_9644_0x292370FB5E0> PerformReadCompletion on handle 792 read error: 109
#0(D)[2023-06-17 05:35:23,852]{2}<MessageBus_9644_0x292370FB5E0> PerformDisconnectCompletion on handle 792 for status 109 with pendingCount remaining: 0.
#0(D)[2023-06-17 05:35:23,852]{2}<MessageBus_9644_0x292370FB5E0> PerformDisconnectCompletion on handle 792 calling OnPipeDisconnect.
#0(I)[2023-06-17 05:35:23,852]{2}<MessageBus_9644_0x292370FB5E0> Pipe Disconnect (109) from Broadcaster.
#0(I)[2023-06-17 05:35:23,852]{2}<MessageBus_9644_0x292370FB5E0> Notifying peers of disconnect from Broadcaster.
#0(D)[2023-06-17 05:35:23,852]{2}<MessageBus_9644_0x292370FB5E0> PipeEndpoint::Disconnect done for handle 792.
#0(D)[2023-06-17 05:35:23,866]{2}<MessageBus_9644_0x292370FB5E0> PerformDisconnectCompletion on handle 792 for status 1223 with pendingCount remaining: 0.
#0(D)[2023-06-17 05:35:23,866]{2}<MessageBus_9644_0x292370FB5E0> PerformDisconnectCompletion OnPipeDisconnect already called, skipping.
#0(I)[2023-06-17 16:00:19,800]{1}<MessageBus_9644_0x292370FB5E0> PipeEndpoint::Connect on handle 1424.
#0(D)[2023-06-17 16:00:19,800]{1}<MessageBus_9644_0x292370FB5E0> PipeEndpointConnectorTask pipe connected.
#0(D)[2023-06-17 16:00:19,825]{2}<MessageBus_9644_0x292370FB5E0> PerformConnectCompletion on handle 1424 calling OnPipeConnect, issuing PerformRead.
#0(I)[2023-06-17 16:00:19,825]{2}<MessageBus_9644_0x292370FB5E0> Pipe connected to Broadcast process 4928.
#0(I)[2023-06-17 16:00:19,826]{2}<MessageBus_9644_0x292370FB5E0> rejoinObserverV1: CrimsonNative:OverClockingNvc
#0(I)[2023-06-17 16:00:19,826]{2}<MessageBus_9644_0x292370FB5E0> rejoinObserverV1: CrimsonNative:OverClockingNvc
#0(I)[2023-06-17 16:00:19,826]{2}<MessageBus_9644_0x292370FB5E0> CrimsonNative:OverClockingNvc joined the Broadcaster.
#0(W)[2023-06-18 13:04:17,622]{2}<MessageBus_9644_0x292370FB5E0> PerformReadCompletion on handle 1424 read error: 109
#0(D)[2023-06-18 13:04:17,623]{2}<MessageBus_9644_0x292370FB5E0> PerformDisconnectCompletion on handle 1424 for status 109 with pendingCount remaining: 0.
#0(D)[2023-06-18 13:04:17,623]{2}<MessageBus_9644_0x292370FB5E0> PerformDisconnectCompletion on handle 1424 calling OnPipeDisconnect.
#0(I)[2023-06-18 13:04:17,623]{2}<MessageBus_9644_0x292370FB5E0> Pipe Disconnect (109) from Broadcaster.
#0(I)[2023-06-18 13:04:17,623]{2}<MessageBus_9644_0x292370FB5E0> Notifying peers of disconnect from Broadcaster.
#0(D)[2023-06-18 13:04:17,623]{2}<MessageBus_9644_0x292370FB5E0> PipeEndpoint::Disconnect done for handle 1424.
#0(D)[2023-06-18 13:04:17,638]{2}<MessageBus_9644_0x292370FB5E0> PerformDisconnectCompletion on handle 1424 for status 1223 with pendingCount remaining: 0.
#0(D)[2023-06-18 13:04:17,638]{2}<MessageBus_9644_0x292370FB5E0> PerformDisconnectCompletion OnPipeDisconnect already called, skipping.
#0(I)[2023-06-18 17:06:59,902]{1}<MessageBus_9644_0x292370FB5E0> PipeEndpoint::Connect on handle 880.
#0(D)[2023-06-18 17:06:59,902]{1}<MessageBus_9644_0x292370FB5E0> PipeEndpointConnectorTask pipe connected.
#0(D)[2023-06-18 17:06:59,913]{2}<MessageBus_9644_0x292370FB5E0> PerformConnectCompletion on handle 880 calling OnPipeConnect, issuing PerformRead.
#0(I)[2023-06-18 17:06:59,913]{2}<MessageBus_9644_0x292370FB5E0> Pipe connected to Broadcast process 4928.
#0(I)[2023-06-18 17:06:59,913]{2}<MessageBus_9644_0x292370FB5E0> rejoinObserverV1: CrimsonNative:OverClockingNvc
#0(I)[2023-06-18 17:06:59,913]{2}<MessageBus_9644_0x292370FB5E0> rejoinObserverV1: CrimsonNative:OverClockingNvc
#0(I)[2023-06-18 17:06:59,913]{2}<MessageBus_9644_0x292370FB5E0> CrimsonNative:OverClockingNvc joined the Broadcaster.
#0(W)[2023-06-19 12:52:18,788]{2}<MessageBus_9644_0x292370FB5E0> PerformReadCompletion on handle 880 read error: 109
#0(D)[2023-06-19 12:52:18,788]{2}<MessageBus_9644_0x292370FB5E0> PerformDisconnectCompletion on handle 880 for status 109 with pendingCount remaining: 0.
#0(D)[2023-06-19 12:52:18,788]{2}<MessageBus_9644_0x292370FB5E0> PerformDisconnectCompletion on handle 880 calling OnPipeDisconnect.
#0(I)[2023-06-19 12:52:18,788]{2}<MessageBus_9644_0x292370FB5E0> Pipe Disconnect (109) from Broadcaster.
#0(I)[2023-06-19 12:52:18,788]{2}<MessageBus_9644_0x292370FB5E0> Notifying peers of disconnect from Broadcaster.
#0(D)[2023-06-19 12:52:18,788]{2}<MessageBus_9644_0x292370FB5E0> PipeEndpoint::Disconnect done for handle 880.
#0(D)[2023-06-19 12:52:18,802]{2}<MessageBus_9644_0x292370FB5E0> PerformDisconnectCompletion on handle 880 for status 1223 with pendingCount remaining: 0.
#0(D)[2023-06-19 12:52:18,802]{2}<MessageBus_9644_0x292370FB5E0> PerformDisconnectCompletion OnPipeDisconnect already called, skipping.
#0(I)[2023-06-19 21:18:42,832]{1}<MessageBus_9644_0x292370FB5E0> PipeEndpoint::Connect on handle 900.
#0(D)[2023-06-19 21:18:42,832]{2}<MessageBus_9644_0x292370FB5E0> PerformConnectCompletion on handle 900 calling OnPipeConnect, issuing PerformRead.
#0(I)[2023-06-19 21:18:42,832]{2}<MessageBus_9644_0x292370FB5E0> Pipe connected to Broadcast process 4928.
#0(I)[2023-06-19 21:18:42,832]{2}<MessageBus_9644_0x292370FB5E0> rejoinObserverV1: CrimsonNative:OverClockingNvc
#0(I)[2023-06-19 21:18:42,832]{2}<MessageBus_9644_0x292370FB5E0> rejoinObserverV1: CrimsonNative:OverClockingNvc
#0(I)[2023-06-19 21:18:42,832]{2}<MessageBus_9644_0x292370FB5E0> CrimsonNative:OverClockingNvc joined the Broadcaster.
#0(D)[2023-06-19 21:18:42,832]{1}<MessageBus_9644_0x292370FB5E0> PipeEndpointConnectorTask pipe connected.
#0(W)[2023-06-20 09:12:25,609]{2}<MessageBus_9644_0x292370FB5E0> PerformReadCompletion on handle 900 read error: 109
#0(D)[2023-06-20 09:12:25,610]{2}<MessageBus_9644_0x292370FB5E0> PerformDisconnectCompletion on handle 900 for status 109 with pendingCount remaining: 0.
#0(D)[2023-06-20 09:12:25,610]{2}<MessageBus_9644_0x292370FB5E0> PerformDisconnectCompletion on handle 900 calling OnPipeDisconnect.
#0(I)[2023-06-20 09:12:25,610]{2}<MessageBus_9644_0x292370FB5E0> Pipe Disconnect (109) from Broadcaster.
#0(I)[2023-06-20 09:12:25,610]{2}<MessageBus_9644_0x292370FB5E0> Notifying peers of disconnect from Broadcaster.
#0(D)[2023-06-20 09:12:25,610]{2}<MessageBus_9644_0x292370FB5E0> PipeEndpoint::Disconnect done for handle 900.
#0(D)[2023-06-20 09:12:25,625]{2}<MessageBus_9644_0x292370FB5E0> PerformDisconnectCompletion on handle 900 for status 1223 with pendingCount remaining: 0.
#0(D)[2023-06-20 09:12:25,625]{2}<MessageBus_9644_0x292370FB5E0> PerformDisconnectCompletion OnPipeDisconnect already called, skipping.
#0(I)[2023-06-20 15:42:29,164]{1}<MessageBus_9644_0x292370FB5E0> PipeEndpoint::Connect on handle 736.
#0(D)[2023-06-20 15:42:29,164]{1}<MessageBus_9644_0x292370FB5E0> PipeEndpointConnectorTask pipe connected.
#0(D)[2023-06-20 15:42:29,174]{2}<MessageBus_9644_0x292370FB5E0> PerformConnectCompletion on handle 736 calling OnPipeConnect, issuing PerformRead.
#0(I)[2023-06-20 15:42:29,174]{2}<MessageBus_9644_0x292370FB5E0> Pipe connected to Broadcast process 4928.
#0(I)[2023-06-20 15:42:29,174]{2}<MessageBus_9644_0x292370FB5E0> rejoinObserverV1: CrimsonNative:OverClockingNvc
#0(I)[2023-06-20 15:42:29,174]{2}<MessageBus_9644_0x292370FB5E0> rejoinObserverV1: CrimsonNative:OverClockingNvc
#0(I)[2023-06-20 15:42:29,174]{2}<MessageBus_9644_0x292370FB5E0> CrimsonNative:OverClockingNvc joined the Broadcaster.
#0(W)[2023-06-20 18:51:43,785]{2}<MessageBus_9644_0x292370FB5E0> PerformReadCompletion on handle 736 read error: 109
#0(D)[2023-06-20 18:51:43,786]{2}<MessageBus_9644_0x292370FB5E0> PerformDisconnectCompletion on handle 736 for status 109 with pendingCount remaining: 0.
#0(D)[2023-06-20 18:51:43,786]{2}<MessageBus_9644_0x292370FB5E0> PerformDisconnectCompletion on handle 736 calling OnPipeDisconnect.
#0(I)[2023-06-20 18:51:43,786]{2}<MessageBus_9644_0x292370FB5E0> Pipe Disconnect (109) from Broadcaster.
#0(I)[2023-06-20 18:51:43,786]{2}<MessageBus_9644_0x292370FB5E0> Notifying peers of disconnect from Broadcaster.
#0(D)[2023-06-20 18:51:43,786]{2}<MessageBus_9644_0x292370FB5E0> PipeEndpoint::Disconnect done for handle 736.
#0(D)[2023-06-20 18:51:43,799]{2}<MessageBus_9644_0x292370FB5E0> PerformDisconnectCompletion on handle 736 for status 1223 with pendingCount remaining: 0.
#0(D)[2023-06-20 18:51:43,799]{2}<MessageBus_9644_0x292370FB5E0> PerformDisconnectCompletion OnPipeDisconnect already called, skipping.
#0(I)[2023-06-20 22:16:16,840]{1}<MessageBus_9644_0x292370FB5E0> PipeEndpoint::Connect on handle 796.
#0(D)[2023-06-20 22:16:16,840]{1}<MessageBus_9644_0x292370FB5E0> PipeEndpointConnectorTask pipe connected.
#0(D)[2023-06-20 22:16:16,849]{2}<MessageBus_9644_0x292370FB5E0> PerformConnectCompletion on handle 796 calling OnPipeConnect, issuing PerformRead.
#0(I)[2023-06-20 22:16:16,849]{2}<MessageBus_9644_0x292370FB5E0> Pipe connected to Broadcast process 4928.
#0(I)[2023-06-20 22:16:16,849]{2}<MessageBus_9644_0x292370FB5E0> rejoinObserverV1: CrimsonNative:OverClockingNvc
#0(I)[2023-06-20 22:16:16,849]{2}<MessageBus_9644_0x292370FB5E0> rejoinObserverV1: CrimsonNative:OverClockingNvc
#0(I)[2023-06-20 22:16:16,849]{2}<MessageBus_9644_0x292370FB5E0> CrimsonNative:OverClockingNvc joined the Broadcaster.
#0(W)[2023-06-21 14:42:50,770]{2}<MessageBus_9644_0x292370FB5E0> PerformReadCompletion on handle 796 read error: 109
#0(D)[2023-06-21 14:42:50,770]{2}<MessageBus_9644_0x292370FB5E0> PerformDisconnectCompletion on handle 796 for status 109 with pendingCount remaining: 0.
#0(D)[2023-06-21 14:42:50,770]{2}<MessageBus_9644_0x292370FB5E0> PerformDisconnectCompletion on handle 796 calling OnPipeDisconnect.
#0(I)[2023-06-21 14:42:50,770]{2}<MessageBus_9644_0x292370FB5E0> Pipe Disconnect (109) from Broadcaster.
#0(I)[2023-06-21 14:42:50,771]{2}<MessageBus_9644_0x292370FB5E0> Notifying peers of disconnect from Broadcaster.
#0(D)[2023-06-21 14:42:50,771]{2}<MessageBus_9644_0x292370FB5E0> PipeEndpoint::Disconnect done for handle 796.
#0(D)[2023-06-21 14:42:50,784]{2}<MessageBus_9644_0x292370FB5E0> PerformDisconnectCompletion on handle 796 for status 1223 with pendingCount remaining: 0.
#0(D)[2023-06-21 14:42:50,784]{2}<MessageBus_9644_0x292370FB5E0> PerformDisconnectCompletion OnPipeDisconnect already called, skipping.
#0(I)[2023-06-21 21:40:23,919]{1}<MessageBus_9644_0x292370FB5E0> PipeEndpoint::Connect on handle 756.
#0(D)[2023-06-21 21:40:23,919]{1}<MessageBus_9644_0x292370FB5E0> PipeEndpointConnectorTask pipe connected.
#0(D)[2023-06-21 21:40:23,922]{2}<MessageBus_9644_0x292370FB5E0> PerformConnectCompletion on handle 756 calling OnPipeConnect, issuing PerformRead.
#0(I)[2023-06-21 21:40:23,922]{2}<MessageBus_9644_0x292370FB5E0> Pipe connected to Broadcast process 4928.
#0(I)[2023-06-21 21:40:23,923]{2}<MessageBus_9644_0x292370FB5E0> rejoinObserverV1: CrimsonNative:OverClockingNvc
#0(I)[2023-06-21 21:40:23,923]{2}<MessageBus_9644_0x292370FB5E0> rejoinObserverV1: CrimsonNative:OverClockingNvc
#0(I)[2023-06-21 21:40:23,923]{2}<MessageBus_9644_0x292370FB5E0> CrimsonNative:OverClockingNvc joined the Broadcaster.
#0(W)[2023-06-22 15:54:56,186]{2}<MessageBus_9644_0x292370FB5E0> PerformReadCompletion on handle 756 read error: 109
#0(D)[2023-06-22 15:54:56,187]{2}<MessageBus_9644_0x292370FB5E0> PerformDisconnectCompletion on handle 756 for status 109 with pendingCount remaining: 0.
#0(D)[2023-06-22 15:54:56,187]{2}<MessageBus_9644_0x292370FB5E0> PerformDisconnectCompletion on handle 756 calling OnPipeDisconnect.
#0(I)[2023-06-22 15:54:56,187]{2}<MessageBus_9644_0x292370FB5E0> Pipe Disconnect (109) from Broadcaster.
#0(I)[2023-06-22 15:54:56,187]{2}<MessageBus_9644_0x292370FB5E0> Notifying peers of disconnect from Broadcaster.
#0(D)[2023-06-22 15:54:56,187]{2}<MessageBus_9644_0x292370FB5E0> PipeEndpoint::Disconnect done for handle 756.
#0(D)[2023-06-22 15:54:56,198]{2}<MessageBus_9644_0x292370FB5E0> PerformDisconnectCompletion on handle 756 for status 1223 with pendingCount remaining: 0.
#0(D)[2023-06-22 15:54:56,198]{2}<MessageBus_9644_0x292370FB5E0> PerformDisconnectCompletion OnPipeDisconnect already called, skipping.
#0(I)[2023-06-23 00:14:02,848]{1}<MessageBus_9644_0x292370FB5E0> PipeEndpoint::Connect on handle 808.
#0(D)[2023-06-23 00:14:02,848]{1}<MessageBus_9644_0x292370FB5E0> PipeEndpointConnectorTask pipe connected.
#0(D)[2023-06-23 00:14:02,848]{2}<MessageBus_9644_0x292370FB5E0> PerformConnectCompletion on handle 808 calling OnPipeConnect, issuing PerformRead.
#0(I)[2023-06-23 00:14:02,848]{2}<MessageBus_9644_0x292370FB5E0> Pipe connected to Broadcast process 4928.
#0(I)[2023-06-23 00:14:02,848]{2}<MessageBus_9644_0x292370FB5E0> rejoinObserverV1: CrimsonNative:OverClockingNvc
#0(I)[2023-06-23 00:14:02,848]{2}<MessageBus_9644_0x292370FB5E0> rejoinObserverV1: CrimsonNative:OverClockingNvc
#0(I)[2023-06-23 00:14:02,848]{2}<MessageBus_9644_0x292370FB5E0> CrimsonNative:OverClockingNvc joined the Broadcaster.
#0(W)[2023-06-23 14:59:26,901]{2}<MessageBus_9644_0x292370FB5E0> PerformReadCompletion on handle 808 read error: 109
#0(D)[2023-06-23 14:59:26,902]{2}<MessageBus_9644_0x292370FB5E0> PerformDisconnectCompletion on handle 808 for status 109 with pendingCount remaining: 0.
#0(D)[2023-06-23 14:59:26,902]{2}<MessageBus_9644_0x292370FB5E0> PerformDisconnectCompletion on handle 808 calling OnPipeDisconnect.
#0(I)[2023-06-23 14:59:26,902]{2}<MessageBus_9644_0x292370FB5E0> Pipe Disconnect (109) from Broadcaster.
#0(I)[2023-06-23 14:59:26,902]{2}<MessageBus_9644_0x292370FB5E0> Notifying peers of disconnect from Broadcaster.
#0(D)[2023-06-23 14:59:26,902]{2}<MessageBus_9644_0x292370FB5E0> PipeEndpoint::Disconnect done for handle 808.
#0(D)[2023-06-23 14:59:26,909]{2}<MessageBus_9644_0x292370FB5E0> PerformDisconnectCompletion on handle 808 for status 1223 with pendingCount remaining: 0.
#0(D)[2023-06-23 14:59:26,909]{2}<MessageBus_9644_0x292370FB5E0> PerformDisconnectCompletion OnPipeDisconnect already called, skipping.
#0(I)[2023-06-23 23:03:48,822]{1}<MessageBus_9644_0x292370FB5E0> PipeEndpoint::Connect on handle 1372.
#0(D)[2023-06-23 23:03:48,822]{1}<MessageBus_9644_0x292370FB5E0> PipeEndpointConnectorTask pipe connected.
#0(D)[2023-06-23 23:03:48,822]{2}<MessageBus_9644_0x292370FB5E0> PerformConnectCompletion on handle 1372 calling OnPipeConnect, issuing PerformRead.
#0(I)[2023-06-23 23:03:48,822]{2}<MessageBus_9644_0x292370FB5E0> Pipe connected to Broadcast process 4928.
#0(I)[2023-06-23 23:03:48,822]{2}<MessageBus_9644_0x292370FB5E0> rejoinObserverV1: CrimsonNative:OverClockingNvc
#0(I)[2023-06-23 23:03:48,822]{2}<MessageBus_9644_0x292370FB5E0> rejoinObserverV1: CrimsonNative:OverClockingNvc
#0(I)[2023-06-23 23:03:48,822]{2}<MessageBus_9644_0x292370FB5E0> CrimsonNative:OverClockingNvc joined the Broadcaster.
